<?xml version="1.0" encoding="UTF-8"?>
<!-- Generated by org.testng.reporters.JUnitXMLReporter -->
<testsuite ignored="4" hostname="ADAASORA" failures="0" tests="4" name="sanity" time="0.123" errors="0" timestamp="2025-06-12T12:37:25 CDT">
  <testcase classname="testsuite.Module2" name="login" time="0.017"/>
  <testcase classname="testsuite.Module2" name="login" time="0.003"/>
  <testcase classname="testsuite.Module2" name="test005" time="0.004"/>
  <testcase classname="testsuite.Module2" name="test006" time="0.002"/>
  <testcase classname="testsuite.Module1" name="test003" time="0.0">
    <ignored/>
  </testcase> <!-- test003 -->
  <testcase classname="testsuite.Module2" name="test004" time="0.0">
    <ignored/>
  </testcase> <!-- test004 -->
  <testcase classname="testsuite.Module1" name="test002" time="0.0">
    <ignored/>
  </testcase> <!-- test002 -->
  <testcase classname="testsuite.Module1" name="test001" time="0.0">
    <ignored/>
  </testcase> <!-- test001 -->
</testsuite> <!-- sanity -->
