<?xml version="1.0" encoding="UTF-8"?>
<!-- Generated by org.testng.reporters.JUnitXMLReporter -->
<testsuite ignored="0" hostname="ADAASORA" failures="0" tests="6" name="Test" time="0.22" errors="0" timestamp="2025-06-11T13:31:02 CDT">
  <testcase classname="testsuite.Module1" name="test001" time="0.082"/>
  <testcase classname="testsuite.Module1" name="test002" time="0.002"/>
  <testcase classname="testsuite.Module1" name="test003" time="0.004"/>
  <testcase classname="testsuite.Module2" name="test001" time="0.003"/>
  <testcase classname="testsuite.Module2" name="test002" time="0.003"/>
  <testcase classname="testsuite.Module2" name="test003" time="0.002"/>
</testsuite> <!-- Test -->
