<?xml version="1.0" encoding="UTF-8"?>
<!-- Generated by org.testng.reporters.JUnitXMLReporter -->
<testsuite ignored="4" hostname="Sridhars-MacBook-Pro.local" failures="0" tests="1" name="Default test" time="8.249" errors="0" timestamp="2025-08-06T12:15:45 MDT">
  <testcase classname="testMethodsPackage.LinkedListTest" name="verifytryEditorforInvalidCode_Intro" time="1.802"/>
  <testcase classname="testMethodsPackage.LinkedListTest" name="verifyPracticeQuestionsPageTitle_Intro" time="0.0">
    <ignored/>
  </testcase> <!-- verifyPracticeQuestionsPageTitle_Intro -->
  <testcase classname="testMethodsPackage.LinkedListTest" name="verifytryEditorforValidCode_Intro" time="0.0">
    <ignored/>
  </testcase> <!-- verifytryEditorforValidCode_Intro -->
  <testcase classname="testMethodsPackage.LinkedListTest" name="verifyIntroPageTitle" time="0.0">
    <ignored/>
  </testcase> <!-- verifyIntroPageTitle -->
  <testcase classname="testMethodsPackage.LinkedListTest" name="verifytryEditorPageTitle_Intro" time="0.0">
    <ignored/>
  </testcase> <!-- verifytryEditorPageTitle_Intro -->
</testsuite> <!-- Default test -->
