<?xml version="1.0" encoding="UTF-8"?>
<!-- Generated by org.testng.reporters.JUnitXMLReporter -->
<testsuite ignored="0" hostname="Sridhars-MacBook-Pro.local" failures="0" tests="5" name="Default test" time="34.064" errors="0" timestamp="2025-08-06T14:24:12 MDT">
  <testcase classname="testMethodsPackage.LinkedListTest" name="verifyIntroPageTitle" time="0.487"/>
  <testcase classname="testMethodsPackage.LinkedListTest" name="verifyPracticeQuestionsPageTitle_Intro" time="0.612"/>
  <testcase classname="testMethodsPackage.LinkedListTest" name="verifytryEditorPageTitle_Intro" time="1.219"/>
  <testcase classname="testMethodsPackage.LinkedListTest" name="verifytryEditorforValidCode_Intro" time="1.98"/>
  <testcase classname="testMethodsPackage.LinkedListTest" name="verifytryEditorforInvalidCode_Intro" time="1.931"/>
</testsuite> <!-- Default test -->
