<?xml version="1.0" encoding="UTF-8"?>
<testng-results ignored="4" total="8" passed="4" failed="0" skipped="0">
  <reporter-output>
  </reporter-output>
  <suite started-at="2025-06-12T12:37:25 CDT" name="Testsuite1" finished-at="2025-06-12T12:37:25 CDT" duration-ms="123">
    <groups>
    </groups>
    <test started-at="2025-06-12T12:37:25 CDT" name="sanity" finished-at="2025-06-12T12:37:25 CDT" duration-ms="123">
      <class name="testsuite.Module2">
        <test-method signature="login(java.lang.String,java.lang.String)[pri:0, instance:testsuite.Module2@192c3f1e]" started-at="2025-06-12T12:37:25 CDT" name="login" data-provider="data001" finished-at="2025-06-12T12:37:25 CDT" duration-ms="17" status="PASS">
          <params>
            <param index="0">
              <value>
                <![CDATA[sowmya]]>
              </value>
            </param>
            <param index="1">
              <value>
                <![CDATA[pwsd001]]>
              </value>
            </param>
          </params>
          <reporter-output>
          </reporter-output>
        </test-method> <!-- login -->
        <test-method signature="login(java.lang.String,java.lang.String)[pri:0, instance:testsuite.Module2@192c3f1e]" started-at="2025-06-12T12:37:25 CDT" name="login" data-provider="data001" finished-at="2025-06-12T12:37:25 CDT" duration-ms="3" status="PASS">
          <params>
            <param index="0">
              <value>
                <![CDATA[katta]]>
              </value>
            </param>
            <param index="1">
              <value>
                <![CDATA[pwsd002]]>
              </value>
            </param>
          </params>
          <reporter-output>
          </reporter-output>
        </test-method> <!-- login -->
        <test-method signature="test005()[pri:0, instance:testsuite.Module2@192c3f1e]" started-at="2025-06-12T12:37:25 CDT" name="test005" finished-at="2025-06-12T12:37:25 CDT" duration-ms="4" status="PASS">
          <reporter-output>
          </reporter-output>
        </test-method> <!-- test005 -->
        <test-method signature="test006()[pri:0, instance:testsuite.Module2@192c3f1e]" started-at="2025-06-12T12:37:25 CDT" name="test006" finished-at="2025-06-12T12:37:25 CDT" duration-ms="2" status="PASS">
          <reporter-output>
          </reporter-output>
        </test-method> <!-- test006 -->
      </class> <!-- testsuite.Module2 -->
    </test> <!-- sanity -->
  </suite> <!-- Testsuite1 -->
</testng-results>
