<?xml version="1.0" encoding="UTF-8"?>
<testng-results ignored="0" total="2" passed="2" failed="0" skipped="0">
  <reporter-output>
  </reporter-output>
  <suite started-at="2025-07-19T16:19:11 CDT" name="Default suite" finished-at="2025-07-19T16:19:20 CDT" duration-ms="9416">
    <groups>
      <group name="cucumber">
        <method signature="AbstractTestNGCucumberTests.runScenario(io.cucumber.testng.PickleWrapper,io.cucumber.testng.FeatureWrapper)[pri:0, instance:TestRunner.Runner@394a2528]" name="runScenario" class="io.cucumber.testng.AbstractTestNGCucumberTests"/>
      </group> <!-- cucumber -->
    </groups>
    <test started-at="2025-07-19T16:19:11 CDT" name="Default test" finished-at="2025-07-19T16:19:20 CDT" duration-ms="9416">
      <class name="TestRunner.Runner">
        <test-method is-config="true" signature="setUpClass(org.testng.ITestContext)[pri:0, instance:TestRunner.Runner@394a2528]" started-at="2025-07-19T16:19:11 CDT" name="setUpClass" finished-at="2025-07-19T16:19:11 CDT" duration-ms="545" status="PASS">
          <params>
            <param index="0">
              <value>
                <![CDATA[org.testng.TestRunner@5ec46cdd]]>
              </value>
            </param>
          </params>
          <reporter-output>
          </reporter-output>
        </test-method> <!-- setUpClass -->
        <test-method signature="runScenario(io.cucumber.testng.PickleWrapper,io.cucumber.testng.FeatureWrapper)[pri:0, instance:TestRunner.Runner@394a2528]" started-at="2025-07-19T16:19:11 CDT" name="runScenario" description="Runs Cucumber Scenarios" data-provider="scenarios" finished-at="2025-07-19T16:19:16 CDT" duration-ms="4573" status="PASS">
          <params>
            <param index="0">
              <value>
                <![CDATA["verify that user is able to see "You are at the right place""]]>
              </value>
            </param>
            <param index="1">
              <value>
                <![CDATA["Opening DsAlgo Home page"]]>
              </value>
            </param>
          </params>
          <reporter-output>
          </reporter-output>
        </test-method> <!-- runScenario -->
        <test-method signature="runScenario(io.cucumber.testng.PickleWrapper,io.cucumber.testng.FeatureWrapper)[pri:0, instance:TestRunner.Runner@394a2528]" started-at="2025-07-19T16:19:16 CDT" name="runScenario" description="Runs Cucumber Scenarios" data-provider="scenarios" finished-at="2025-07-19T16:19:20 CDT" duration-ms="4224" status="PASS">
          <params>
            <param index="0">
              <value>
                <![CDATA["click on get started button to land on Home page"]]>
              </value>
            </param>
            <param index="1">
              <value>
                <![CDATA["Opening DsAlgo Home page"]]>
              </value>
            </param>
          </params>
          <reporter-output>
          </reporter-output>
        </test-method> <!-- runScenario -->
        <test-method is-config="true" signature="tearDownClass()[pri:0, instance:TestRunner.Runner@394a2528]" started-at="2025-07-19T16:19:20 CDT" name="tearDownClass" finished-at="2025-07-19T16:19:20 CDT" duration-ms="29" status="PASS">
          <reporter-output>
          </reporter-output>
        </test-method> <!-- tearDownClass -->
      </class> <!-- TestRunner.Runner -->
    </test> <!-- Default test -->
  </suite> <!-- Default suite -->
</testng-results>
