<?xml version="1.0" encoding="UTF-8"?>
<!-- Generated by org.testng.reporters.JUnitXMLReporter -->
<testsuite ignored="0" hostname="DESKTOP-181TTAT" failures="0" tests="6" name="Test_All_Modules_chrome" time="63.439" errors="0" timestamp="2025-08-05T16:47:09 GMT-04:00">
  <testcase classname="testCases.Stack" name="open_stac_page" time="1.441"/>
  <testcase classname="testCases.Queue" name="open_queue_page" time="1.231"/>
  <testcase classname="testCases.Stack" name="stackOperations" time="1.448"/>
  <testcase classname="testCases.Queue" name="queueImplementation" time="0.999"/>
  <testcase classname="testCases.Stack" name="StackoperationsCodeEditor" time="3.683"/>
  <testcase classname="testCases.Queue" name="queueImplementationCodeEditor" time="1.77"/>
</testsuite> <!-- Test_All_Modules_chrome -->
