<?xml version="1.0" encoding="UTF-8"?>
<!-- Generated by org.testng.reporters.JUnitXMLReporter -->
<testsuite ignored="0" hostname="DESKTOP-181TTAT" failures="1" tests="10" name="Test_All_Modules_chrome" time="47.921" errors="0" timestamp="2025-08-07T11:05:11 GMT-04:00">
  <testcase classname="testCases.Stack" name="open_stac_page" time="0.35"/>
  <testcase classname="testCases.Queue" name="open_queue_page" time="0.342"/>
  <testcase classname="testCases.Stack" name="stackOperations" time="0.758"/>
  <testcase classname="testCases.Queue" name="queueImplementation" time="0.633"/>
  <testcase classname="testCases.Stack" name="StackoperationsCodeEditor" time="1.405"/>
  <testcase classname="testCases.Queue" name="queueImplementationCodeEditor" time="1.235"/>
  <testcase classname="testCases.Stack" name="StackoperationsTryingEmptyEditor" time="1.639">
    <skipped/>
  </testcase> <!-- StackoperationsTryingEmptyEditor -->
  <testcase classname="testCases.Stack" name="StackoperationsTryingEmptyEditor" time="1.358">
    <skipped/>
  </testcase> <!-- StackoperationsTryingEmptyEditor -->
  <testcase classname="testCases.Stack" name="StackoperationsTryingEmptyEditor" time="1.713">
    <skipped/>
  </testcase> <!-- StackoperationsTryingEmptyEditor -->
  <testcase classname="testCases.Stack" name="StackoperationsTryingEmptyEditor" time="1.377">
    <failure type="java.lang.AssertionError" message="Failing this test case to show the bug which is, no alert message comes up when clicking on run button without entering anhy code in it">
      <![CDATA[java.lang.AssertionError: Failing this test case to show the bug which is, no alert message comes up when clicking on run button without entering anhy code in it
at testCases.Stack.StackoperationsTryingEmptyEditor(Stack.java:76)
at java.base/java.util.ArrayList.forEach(ArrayList.java:1596)
at java.base/java.util.concurrent.FutureTask.run(FutureTask.java:317)
at java.base/java.util.concurrent.ThreadPoolExecutor.runWorker(ThreadPoolExecutor.java:1144)
at java.base/java.util.concurrent.ThreadPoolExecutor$Worker.run(ThreadPoolExecutor.java:642)
at java.base/java.lang.Thread.run(Thread.java:1583)
... Removed 16 stack frames]]>
    </failure>
  </testcase> <!-- StackoperationsTryingEmptyEditor -->
</testsuite> <!-- Test_All_Modules_chrome -->
