<?xml version="1.0" encoding="UTF-8"?>
<!-- Generated by org.testng.reporters.JUnitXMLReporter -->
<testsuite ignored="0" hostname="DESKTOP-181TTAT" failures="0" tests="6" name="Test_All_Modules_firefox" time="85.086" errors="0" timestamp="2025-08-05T16:47:31 GMT-04:00">
  <testcase classname="testCases.Stack" name="open_stac_page" time="0.33"/>
  <testcase classname="testCases.Queue" name="open_queue_page" time="0.836"/>
  <testcase classname="testCases.Stack" name="stackOperations" time="2.573"/>
  <testcase classname="testCases.Queue" name="queueImplementation" time="2.21"/>
  <testcase classname="testCases.Stack" name="StackoperationsCodeEditor" time="1.21"/>
  <testcase classname="testCases.Queue" name="queueImplementationCodeEditor" time="1.094"/>
</testsuite> <!-- Test_All_Modules_firefox -->
