<?xml version="1.0" encoding="UTF-8"?>
<!-- Generated by org.testng.reporters.JUnitXMLReporter -->
<testsuite ignored="0" hostname="DESKTOP-181TTAT" failures="0" tests="4" name="Test_All_Modules_chrome" time="48.581" errors="0" timestamp="2025-08-04T15:52:53 GMT-04:00">
  <testcase classname="testCases.Stack" name="stackOperations" time="2.937"/>
  <testcase classname="testCases.Queue" name="queueImplementation" time="0.578"/>
  <testcase classname="testCases.Stack" name="StackoperationsCodeEditor" time="1.166"/>
  <testcase classname="testCases.Queue" name="queueImplementationCodeEditor" time="0.864"/>
</testsuite> <!-- Test_All_Modules_chrome -->
