<?xml version="1.0" encoding="UTF-8"?>
<testng-results ignored="0" total="21" passed="18" failed="3" skipped="0">
  <reporter-output>
  </reporter-output>
  <suite started-at="2025-08-06T02:02:24 GMT-04:00" name="Suite_dsAlgo" finished-at="2025-08-06T02:04:10 GMT-04:00" duration-ms="105851">
    <groups>
    </groups>
    <test started-at="2025-08-06T02:02:24 GMT-04:00" name="Test_All_Modules_edge" finished-at="2025-08-06T02:03:55 GMT-04:00" duration-ms="91273">
      <class name="testCases.Stack">
        <test-method is-config="true" signature="open_website(java.lang.String)[pri:0, instance:testCases.Stack@3c5a54b7]" started-at="2025-08-06T02:02:24 GMT-04:00" name="open_website" finished-at="2025-08-06T02:02:37 GMT-04:00" duration-ms="12849" status="PASS">
          <params>
            <param index="0">
              <value>
                <![CDATA[edge]]>
              </value>
            </param>
          </params>
          <reporter-output>
          </reporter-output>
        </test-method> <!-- open_website -->
        <test-method is-config="true" signature="stack_page()[pri:0, instance:testCases.Stack@3c5a54b7]" started-at="2025-08-06T02:02:37 GMT-04:00" name="stack_page" finished-at="2025-08-06T02:02:37 GMT-04:00" duration-ms="22" status="PASS">
          <reporter-output>
          </reporter-output>
        </test-method> <!-- stack_page -->
        <test-method signature="open_stac_page()[pri:1, instance:testCases.Stack@3c5a54b7]" started-at="2025-08-06T02:02:37 GMT-04:00" name="open_stac_page" finished-at="2025-08-06T02:02:37 GMT-04:00" duration-ms="686" status="PASS">
          <reporter-output>
          </reporter-output>
        </test-method> <!-- open_stac_page -->
        <test-method is-config="true" signature="teardownDriver()[pri:0, instance:testCases.Stack@3c5a54b7]" started-at="2025-08-06T02:02:38 GMT-04:00" name="teardownDriver" finished-at="2025-08-06T02:02:42 GMT-04:00" duration-ms="4247" status="PASS">
          <reporter-output>
          </reporter-output>
        </test-method> <!-- teardownDriver -->
        <test-method is-config="true" signature="open_website(java.lang.String)[pri:0, instance:testCases.Stack@3c5a54b7]" started-at="2025-08-06T02:02:57 GMT-04:00" name="open_website" finished-at="2025-08-06T02:03:02 GMT-04:00" duration-ms="5416" status="PASS">
          <params>
            <param index="0">
              <value>
                <![CDATA[edge]]>
              </value>
            </param>
          </params>
          <reporter-output>
          </reporter-output>
        </test-method> <!-- open_website -->
        <test-method is-config="true" signature="stack_page()[pri:0, instance:testCases.Stack@3c5a54b7]" started-at="2025-08-06T02:03:02 GMT-04:00" name="stack_page" finished-at="2025-08-06T02:03:02 GMT-04:00" duration-ms="71" status="PASS">
          <reporter-output>
          </reporter-output>
        </test-method> <!-- stack_page -->
        <test-method signature="stackOperations()[pri:2, instance:testCases.Stack@3c5a54b7]" started-at="2025-08-06T02:03:02 GMT-04:00" name="stackOperations" finished-at="2025-08-06T02:03:03 GMT-04:00" duration-ms="1310" status="PASS">
          <reporter-output>
          </reporter-output>
        </test-method> <!-- stackOperations -->
        <test-method is-config="true" signature="teardownDriver()[pri:0, instance:testCases.Stack@3c5a54b7]" started-at="2025-08-06T02:03:03 GMT-04:00" name="teardownDriver" finished-at="2025-08-06T02:03:07 GMT-04:00" duration-ms="3681" status="PASS">
          <reporter-output>
          </reporter-output>
        </test-method> <!-- teardownDriver -->
        <test-method is-config="true" signature="open_website(java.lang.String)[pri:0, instance:testCases.Stack@3c5a54b7]" started-at="2025-08-06T02:03:15 GMT-04:00" name="open_website" finished-at="2025-08-06T02:03:20 GMT-04:00" duration-ms="4884" status="PASS">
          <params>
            <param index="0">
              <value>
                <![CDATA[edge]]>
              </value>
            </param>
          </params>
          <reporter-output>
          </reporter-output>
        </test-method> <!-- open_website -->
        <test-method is-config="true" signature="stack_page()[pri:0, instance:testCases.Stack@3c5a54b7]" started-at="2025-08-06T02:03:20 GMT-04:00" name="stack_page" finished-at="2025-08-06T02:03:20 GMT-04:00" duration-ms="21" status="PASS">
          <reporter-output>
          </reporter-output>
        </test-method> <!-- stack_page -->
        <test-method signature="StackoperationsCodeEditor()[pri:3, instance:testCases.Stack@3c5a54b7]" started-at="2025-08-06T02:03:20 GMT-04:00" name="StackoperationsCodeEditor" finished-at="2025-08-06T02:03:22 GMT-04:00" duration-ms="2214" status="PASS">
          <reporter-output>
          </reporter-output>
        </test-method> <!-- StackoperationsCodeEditor -->
        <test-method is-config="true" signature="teardownDriver()[pri:0, instance:testCases.Stack@3c5a54b7]" started-at="2025-08-06T02:03:22 GMT-04:00" name="teardownDriver" finished-at="2025-08-06T02:03:28 GMT-04:00" duration-ms="6455" status="PASS">
          <reporter-output>
          </reporter-output>
        </test-method> <!-- teardownDriver -->
        <test-method is-config="true" signature="open_website(java.lang.String)[pri:0, instance:testCases.Stack@3c5a54b7]" started-at="2025-08-06T02:03:44 GMT-04:00" name="open_website" finished-at="2025-08-06T02:03:48 GMT-04:00" duration-ms="4677" status="PASS">
          <params>
            <param index="0">
              <value>
                <![CDATA[edge]]>
              </value>
            </param>
          </params>
          <reporter-output>
          </reporter-output>
        </test-method> <!-- open_website -->
        <test-method is-config="true" signature="stack_page()[pri:0, instance:testCases.Stack@3c5a54b7]" started-at="2025-08-06T02:03:48 GMT-04:00" name="stack_page" finished-at="2025-08-06T02:03:48 GMT-04:00" duration-ms="0" status="PASS">
          <reporter-output>
          </reporter-output>
        </test-method> <!-- stack_page -->
        <test-method signature="StackoperationsTryingEmptyEditor()[pri:4, instance:testCases.Stack@3c5a54b7]" started-at="2025-08-06T02:03:48 GMT-04:00" name="StackoperationsTryingEmptyEditor" finished-at="2025-08-06T02:03:51 GMT-04:00" duration-ms="2486" status="FAIL">
          <exception class="java.lang.AssertionError">
            <message>
              <![CDATA[Failing this test case to show the bug which is, no alert message comes up when clicking on run button without entering anhy code in it]]>
            </message>
            <full-stacktrace>
              <![CDATA[java.lang.AssertionError: Failing this test case to show the bug which is, no alert message comes up when clicking on run button without entering anhy code in it
at org.testng.Assert.fail(Assert.java:110)
at testCases.Stack.StackoperationsTryingEmptyEditor(Stack.java:72)
at java.base/jdk.internal.reflect.DirectMethodHandleAccessor.invoke(DirectMethodHandleAccessor.java:103)
at java.base/java.lang.reflect.Method.invoke(Method.java:580)
at org.testng.internal.invokers.MethodInvocationHelper.invokeMethod(MethodInvocationHelper.java:139)
at org.testng.internal.invokers.TestInvoker.invokeMethod(TestInvoker.java:677)
at org.testng.internal.invokers.TestInvoker.invokeTestMethod(TestInvoker.java:221)
at org.testng.internal.invokers.MethodRunner.runInSequence(MethodRunner.java:50)
at org.testng.internal.invokers.TestInvoker$MethodInvocationAgent.invoke(TestInvoker.java:969)
at org.testng.internal.invokers.TestInvoker.invokeTestMethods(TestInvoker.java:194)
at org.testng.internal.invokers.TestMethodWorker.invokeTestMethods(TestMethodWorker.java:148)
at org.testng.internal.invokers.TestMethodWorker.run(TestMethodWorker.java:128)
at java.base/java.util.ArrayList.forEach(ArrayList.java:1596)
at org.testng.TestRunner.privateRun(TestRunner.java:829)
at org.testng.TestRunner.run(TestRunner.java:602)
at org.testng.SuiteRunner.runTest(SuiteRunner.java:437)
at org.testng.SuiteRunner$SuiteWorker.run(SuiteRunner.java:475)
at org.testng.internal.thread.ThreadUtil.lambda$execute$0(ThreadUtil.java:58)
at java.base/java.util.concurrent.FutureTask.run(FutureTask.java:317)
at java.base/java.util.concurrent.ThreadPoolExecutor.runWorker(ThreadPoolExecutor.java:1144)
at java.base/java.util.concurrent.ThreadPoolExecutor$Worker.run(ThreadPoolExecutor.java:642)
at java.base/java.lang.Thread.run(Thread.java:1583)
]]>
            </full-stacktrace>
          </exception> <!-- java.lang.AssertionError -->
          <reporter-output>
          </reporter-output>
        </test-method> <!-- StackoperationsTryingEmptyEditor -->
        <test-method is-config="true" signature="teardownDriver()[pri:0, instance:testCases.Stack@3c5a54b7]" started-at="2025-08-06T02:03:51 GMT-04:00" name="teardownDriver" finished-at="2025-08-06T02:03:55 GMT-04:00" duration-ms="3788" status="PASS">
          <reporter-output>
          </reporter-output>
        </test-method> <!-- teardownDriver -->
      </class> <!-- testCases.Stack -->
      <class name="testCases.Queue">
        <test-method is-config="true" signature="open_website(java.lang.String)[pri:0, instance:testCases.Queue@61f2c3f0]" started-at="2025-08-06T02:02:42 GMT-04:00" name="open_website" finished-at="2025-08-06T02:02:51 GMT-04:00" duration-ms="9287" status="PASS">
          <params>
            <param index="0">
              <value>
                <![CDATA[edge]]>
              </value>
            </param>
          </params>
          <reporter-output>
          </reporter-output>
        </test-method> <!-- open_website -->
        <test-method is-config="true" signature="queue_page()[pri:0, instance:testCases.Queue@61f2c3f0]" started-at="2025-08-06T02:02:51 GMT-04:00" name="queue_page" finished-at="2025-08-06T02:02:51 GMT-04:00" duration-ms="3" status="PASS">
          <reporter-output>
          </reporter-output>
        </test-method> <!-- queue_page -->
        <test-method signature="open_queue_page()[pri:1, instance:testCases.Queue@61f2c3f0]" started-at="2025-08-06T02:02:51 GMT-04:00" name="open_queue_page" finished-at="2025-08-06T02:02:52 GMT-04:00" duration-ms="519" status="PASS">
          <reporter-output>
          </reporter-output>
        </test-method> <!-- open_queue_page -->
        <test-method is-config="true" signature="teardownDriver()[pri:0, instance:testCases.Queue@61f2c3f0]" started-at="2025-08-06T02:02:52 GMT-04:00" name="teardownDriver" finished-at="2025-08-06T02:02:57 GMT-04:00" duration-ms="5086" status="PASS">
          <reporter-output>
          </reporter-output>
        </test-method> <!-- teardownDriver -->
        <test-method is-config="true" signature="open_website(java.lang.String)[pri:0, instance:testCases.Queue@61f2c3f0]" started-at="2025-08-06T02:03:07 GMT-04:00" name="open_website" finished-at="2025-08-06T02:03:12 GMT-04:00" duration-ms="4692" status="PASS">
          <params>
            <param index="0">
              <value>
                <![CDATA[edge]]>
              </value>
            </param>
          </params>
          <reporter-output>
          </reporter-output>
        </test-method> <!-- open_website -->
        <test-method is-config="true" signature="queue_page()[pri:0, instance:testCases.Queue@61f2c3f0]" started-at="2025-08-06T02:03:12 GMT-04:00" name="queue_page" finished-at="2025-08-06T02:03:12 GMT-04:00" duration-ms="23" status="PASS">
          <reporter-output>
          </reporter-output>
        </test-method> <!-- queue_page -->
        <test-method signature="queueImplementation()[pri:2, instance:testCases.Queue@61f2c3f0]" started-at="2025-08-06T02:03:12 GMT-04:00" name="queueImplementation" finished-at="2025-08-06T02:03:14 GMT-04:00" duration-ms="1864" status="PASS">
          <reporter-output>
          </reporter-output>
        </test-method> <!-- queueImplementation -->
        <test-method is-config="true" signature="teardownDriver()[pri:0, instance:testCases.Queue@61f2c3f0]" started-at="2025-08-06T02:03:14 GMT-04:00" name="teardownDriver" finished-at="2025-08-06T02:03:15 GMT-04:00" duration-ms="1097" status="PASS">
          <reporter-output>
          </reporter-output>
        </test-method> <!-- teardownDriver -->
        <test-method is-config="true" signature="open_website(java.lang.String)[pri:0, instance:testCases.Queue@61f2c3f0]" started-at="2025-08-06T02:03:28 GMT-04:00" name="open_website" finished-at="2025-08-06T02:03:33 GMT-04:00" duration-ms="4503" status="PASS">
          <params>
            <param index="0">
              <value>
                <![CDATA[edge]]>
              </value>
            </param>
          </params>
          <reporter-output>
          </reporter-output>
        </test-method> <!-- open_website -->
        <test-method is-config="true" signature="queue_page()[pri:0, instance:testCases.Queue@61f2c3f0]" started-at="2025-08-06T02:03:33 GMT-04:00" name="queue_page" finished-at="2025-08-06T02:03:33 GMT-04:00" duration-ms="2" status="PASS">
          <reporter-output>
          </reporter-output>
        </test-method> <!-- queue_page -->
        <test-method signature="queueImplementationCodeEditor()[pri:3, instance:testCases.Queue@61f2c3f0]" started-at="2025-08-06T02:03:33 GMT-04:00" name="queueImplementationCodeEditor" finished-at="2025-08-06T02:03:35 GMT-04:00" duration-ms="1823" status="PASS">
          <reporter-output>
          </reporter-output>
        </test-method> <!-- queueImplementationCodeEditor -->
        <test-method is-config="true" signature="teardownDriver()[pri:0, instance:testCases.Queue@61f2c3f0]" started-at="2025-08-06T02:03:35 GMT-04:00" name="teardownDriver" finished-at="2025-08-06T02:03:44 GMT-04:00" duration-ms="8981" status="PASS">
          <reporter-output>
          </reporter-output>
        </test-method> <!-- teardownDriver -->
      </class> <!-- testCases.Queue -->
    </test> <!-- Test_All_Modules_edge -->
    <test started-at="2025-08-06T02:02:24 GMT-04:00" name="Test_All_Modules_chrome" finished-at="2025-08-06T02:04:02 GMT-04:00" duration-ms="97923">
      <class name="testCases.Stack">
        <test-method is-config="true" signature="open_website(java.lang.String)[pri:0, instance:testCases.Stack@3088660d]" started-at="2025-08-06T02:02:24 GMT-04:00" name="open_website" finished-at="2025-08-06T02:02:35 GMT-04:00" duration-ms="11411" status="PASS">
          <params>
            <param index="0">
              <value>
                <![CDATA[chrome]]>
              </value>
            </param>
          </params>
          <reporter-output>
          </reporter-output>
        </test-method> <!-- open_website -->
        <test-method is-config="true" signature="stack_page()[pri:0, instance:testCases.Stack@3088660d]" started-at="2025-08-06T02:02:36 GMT-04:00" name="stack_page" finished-at="2025-08-06T02:02:36 GMT-04:00" duration-ms="51" status="PASS">
          <reporter-output>
          </reporter-output>
        </test-method> <!-- stack_page -->
        <test-method signature="open_stac_page()[pri:1, instance:testCases.Stack@3088660d]" started-at="2025-08-06T02:02:36 GMT-04:00" name="open_stac_page" finished-at="2025-08-06T02:02:37 GMT-04:00" duration-ms="786" status="PASS">
          <reporter-output>
          </reporter-output>
        </test-method> <!-- open_stac_page -->
        <test-method is-config="true" signature="teardownDriver()[pri:0, instance:testCases.Stack@3088660d]" started-at="2025-08-06T02:02:37 GMT-04:00" name="teardownDriver" finished-at="2025-08-06T02:02:42 GMT-04:00" duration-ms="5239" status="PASS">
          <reporter-output>
          </reporter-output>
        </test-method> <!-- teardownDriver -->
        <test-method is-config="true" signature="open_website(java.lang.String)[pri:0, instance:testCases.Stack@3088660d]" started-at="2025-08-06T02:02:53 GMT-04:00" name="open_website" finished-at="2025-08-06T02:02:57 GMT-04:00" duration-ms="4175" status="PASS">
          <params>
            <param index="0">
              <value>
                <![CDATA[chrome]]>
              </value>
            </param>
          </params>
          <reporter-output>
          </reporter-output>
        </test-method> <!-- open_website -->
        <test-method is-config="true" signature="stack_page()[pri:0, instance:testCases.Stack@3088660d]" started-at="2025-08-06T02:02:57 GMT-04:00" name="stack_page" finished-at="2025-08-06T02:02:57 GMT-04:00" duration-ms="0" status="PASS">
          <reporter-output>
          </reporter-output>
        </test-method> <!-- stack_page -->
        <test-method signature="stackOperations()[pri:2, instance:testCases.Stack@3088660d]" started-at="2025-08-06T02:02:57 GMT-04:00" name="stackOperations" finished-at="2025-08-06T02:03:01 GMT-04:00" duration-ms="4007" status="PASS">
          <reporter-output>
          </reporter-output>
        </test-method> <!-- stackOperations -->
        <test-method is-config="true" signature="teardownDriver()[pri:0, instance:testCases.Stack@3088660d]" started-at="2025-08-06T02:03:01 GMT-04:00" name="teardownDriver" finished-at="2025-08-06T02:03:10 GMT-04:00" duration-ms="9391" status="PASS">
          <reporter-output>
          </reporter-output>
        </test-method> <!-- teardownDriver -->
        <test-method is-config="true" signature="open_website(java.lang.String)[pri:0, instance:testCases.Stack@3088660d]" started-at="2025-08-06T02:03:26 GMT-04:00" name="open_website" finished-at="2025-08-06T02:03:30 GMT-04:00" duration-ms="4552" status="PASS">
          <params>
            <param index="0">
              <value>
                <![CDATA[chrome]]>
              </value>
            </param>
          </params>
          <reporter-output>
          </reporter-output>
        </test-method> <!-- open_website -->
        <test-method is-config="true" signature="stack_page()[pri:0, instance:testCases.Stack@3088660d]" started-at="2025-08-06T02:03:30 GMT-04:00" name="stack_page" finished-at="2025-08-06T02:03:30 GMT-04:00" duration-ms="8" status="PASS">
          <reporter-output>
          </reporter-output>
        </test-method> <!-- stack_page -->
        <test-method signature="StackoperationsCodeEditor()[pri:3, instance:testCases.Stack@3088660d]" started-at="2025-08-06T02:03:30 GMT-04:00" name="StackoperationsCodeEditor" finished-at="2025-08-06T02:03:33 GMT-04:00" duration-ms="2417" status="PASS">
          <reporter-output>
          </reporter-output>
        </test-method> <!-- StackoperationsCodeEditor -->
        <test-method is-config="true" signature="teardownDriver()[pri:0, instance:testCases.Stack@3088660d]" started-at="2025-08-06T02:03:33 GMT-04:00" name="teardownDriver" finished-at="2025-08-06T02:03:39 GMT-04:00" duration-ms="5695" status="PASS">
          <reporter-output>
          </reporter-output>
        </test-method> <!-- teardownDriver -->
        <test-method is-config="true" signature="open_website(java.lang.String)[pri:0, instance:testCases.Stack@3088660d]" started-at="2025-08-06T02:03:55 GMT-04:00" name="open_website" finished-at="2025-08-06T02:03:59 GMT-04:00" duration-ms="3439" status="PASS">
          <params>
            <param index="0">
              <value>
                <![CDATA[chrome]]>
              </value>
            </param>
          </params>
          <reporter-output>
          </reporter-output>
        </test-method> <!-- open_website -->
        <test-method is-config="true" signature="stack_page()[pri:0, instance:testCases.Stack@3088660d]" started-at="2025-08-06T02:03:59 GMT-04:00" name="stack_page" finished-at="2025-08-06T02:03:59 GMT-04:00" duration-ms="0" status="PASS">
          <reporter-output>
          </reporter-output>
        </test-method> <!-- stack_page -->
        <test-method signature="StackoperationsTryingEmptyEditor()[pri:4, instance:testCases.Stack@3088660d]" started-at="2025-08-06T02:03:59 GMT-04:00" name="StackoperationsTryingEmptyEditor" finished-at="2025-08-06T02:04:01 GMT-04:00" duration-ms="2545" status="FAIL">
          <exception class="java.lang.AssertionError">
            <message>
              <![CDATA[Failing this test case to show the bug which is, no alert message comes up when clicking on run button without entering anhy code in it]]>
            </message>
            <full-stacktrace>
              <![CDATA[java.lang.AssertionError: Failing this test case to show the bug which is, no alert message comes up when clicking on run button without entering anhy code in it
at org.testng.Assert.fail(Assert.java:110)
at testCases.Stack.StackoperationsTryingEmptyEditor(Stack.java:72)
at java.base/jdk.internal.reflect.DirectMethodHandleAccessor.invoke(DirectMethodHandleAccessor.java:103)
at java.base/java.lang.reflect.Method.invoke(Method.java:580)
at org.testng.internal.invokers.MethodInvocationHelper.invokeMethod(MethodInvocationHelper.java:139)
at org.testng.internal.invokers.TestInvoker.invokeMethod(TestInvoker.java:677)
at org.testng.internal.invokers.TestInvoker.invokeTestMethod(TestInvoker.java:221)
at org.testng.internal.invokers.MethodRunner.runInSequence(MethodRunner.java:50)
at org.testng.internal.invokers.TestInvoker$MethodInvocationAgent.invoke(TestInvoker.java:969)
at org.testng.internal.invokers.TestInvoker.invokeTestMethods(TestInvoker.java:194)
at org.testng.internal.invokers.TestMethodWorker.invokeTestMethods(TestMethodWorker.java:148)
at org.testng.internal.invokers.TestMethodWorker.run(TestMethodWorker.java:128)
at java.base/java.util.ArrayList.forEach(ArrayList.java:1596)
at org.testng.TestRunner.privateRun(TestRunner.java:829)
at org.testng.TestRunner.run(TestRunner.java:602)
at org.testng.SuiteRunner.runTest(SuiteRunner.java:437)
at org.testng.SuiteRunner$SuiteWorker.run(SuiteRunner.java:475)
at org.testng.internal.thread.ThreadUtil.lambda$execute$0(ThreadUtil.java:58)
at java.base/java.util.concurrent.FutureTask.run(FutureTask.java:317)
at java.base/java.util.concurrent.ThreadPoolExecutor.runWorker(ThreadPoolExecutor.java:1144)
at java.base/java.util.concurrent.ThreadPoolExecutor$Worker.run(ThreadPoolExecutor.java:642)
at java.base/java.lang.Thread.run(Thread.java:1583)
]]>
            </full-stacktrace>
          </exception> <!-- java.lang.AssertionError -->
          <reporter-output>
          </reporter-output>
        </test-method> <!-- StackoperationsTryingEmptyEditor -->
        <test-method is-config="true" signature="teardownDriver()[pri:0, instance:testCases.Stack@3088660d]" started-at="2025-08-06T02:04:01 GMT-04:00" name="teardownDriver" finished-at="2025-08-06T02:04:02 GMT-04:00" duration-ms="332" status="PASS">
          <reporter-output>
          </reporter-output>
        </test-method> <!-- teardownDriver -->
      </class> <!-- testCases.Stack -->
      <class name="testCases.Queue">
        <test-method is-config="true" signature="open_website(java.lang.String)[pri:0, instance:testCases.Queue@412c995d]" started-at="2025-08-06T02:02:42 GMT-04:00" name="open_website" finished-at="2025-08-06T02:02:49 GMT-04:00" duration-ms="7310" status="PASS">
          <params>
            <param index="0">
              <value>
                <![CDATA[chrome]]>
              </value>
            </param>
          </params>
          <reporter-output>
          </reporter-output>
        </test-method> <!-- open_website -->
        <test-method is-config="true" signature="queue_page()[pri:0, instance:testCases.Queue@412c995d]" started-at="2025-08-06T02:02:49 GMT-04:00" name="queue_page" finished-at="2025-08-06T02:02:49 GMT-04:00" duration-ms="3" status="PASS">
          <reporter-output>
          </reporter-output>
        </test-method> <!-- queue_page -->
        <test-method signature="open_queue_page()[pri:1, instance:testCases.Queue@412c995d]" started-at="2025-08-06T02:02:49 GMT-04:00" name="open_queue_page" finished-at="2025-08-06T02:02:50 GMT-04:00" duration-ms="684" status="PASS">
          <reporter-output>
          </reporter-output>
        </test-method> <!-- open_queue_page -->
        <test-method is-config="true" signature="teardownDriver()[pri:0, instance:testCases.Queue@412c995d]" started-at="2025-08-06T02:02:50 GMT-04:00" name="teardownDriver" finished-at="2025-08-06T02:02:53 GMT-04:00" duration-ms="2913" status="PASS">
          <reporter-output>
          </reporter-output>
        </test-method> <!-- teardownDriver -->
        <test-method is-config="true" signature="open_website(java.lang.String)[pri:0, instance:testCases.Queue@412c995d]" started-at="2025-08-06T02:03:10 GMT-04:00" name="open_website" finished-at="2025-08-06T02:03:15 GMT-04:00" duration-ms="4144" status="PASS">
          <params>
            <param index="0">
              <value>
                <![CDATA[chrome]]>
              </value>
            </param>
          </params>
          <reporter-output>
          </reporter-output>
        </test-method> <!-- open_website -->
        <test-method is-config="true" signature="queue_page()[pri:0, instance:testCases.Queue@412c995d]" started-at="2025-08-06T02:03:15 GMT-04:00" name="queue_page" finished-at="2025-08-06T02:03:15 GMT-04:00" duration-ms="2" status="PASS">
          <reporter-output>
          </reporter-output>
        </test-method> <!-- queue_page -->
        <test-method signature="queueImplementation()[pri:2, instance:testCases.Queue@412c995d]" started-at="2025-08-06T02:03:15 GMT-04:00" name="queueImplementation" finished-at="2025-08-06T02:03:16 GMT-04:00" duration-ms="1151" status="PASS">
          <reporter-output>
          </reporter-output>
        </test-method> <!-- queueImplementation -->
        <test-method is-config="true" signature="teardownDriver()[pri:0, instance:testCases.Queue@412c995d]" started-at="2025-08-06T02:03:16 GMT-04:00" name="teardownDriver" finished-at="2025-08-06T02:03:26 GMT-04:00" duration-ms="10212" status="PASS">
          <reporter-output>
          </reporter-output>
        </test-method> <!-- teardownDriver -->
        <test-method is-config="true" signature="open_website(java.lang.String)[pri:0, instance:testCases.Queue@412c995d]" started-at="2025-08-06T02:03:39 GMT-04:00" name="open_website" finished-at="2025-08-06T02:03:43 GMT-04:00" duration-ms="4867" status="PASS">
          <params>
            <param index="0">
              <value>
                <![CDATA[chrome]]>
              </value>
            </param>
          </params>
          <reporter-output>
          </reporter-output>
        </test-method> <!-- open_website -->
        <test-method is-config="true" signature="queue_page()[pri:0, instance:testCases.Queue@412c995d]" started-at="2025-08-06T02:03:43 GMT-04:00" name="queue_page" finished-at="2025-08-06T02:03:43 GMT-04:00" duration-ms="1" status="PASS">
          <reporter-output>
          </reporter-output>
        </test-method> <!-- queue_page -->
        <test-method signature="queueImplementationCodeEditor()[pri:3, instance:testCases.Queue@412c995d]" started-at="2025-08-06T02:03:43 GMT-04:00" name="queueImplementationCodeEditor" finished-at="2025-08-06T02:03:46 GMT-04:00" duration-ms="2822" status="PASS">
          <reporter-output>
          </reporter-output>
        </test-method> <!-- queueImplementationCodeEditor -->
        <test-method is-config="true" signature="teardownDriver()[pri:0, instance:testCases.Queue@412c995d]" started-at="2025-08-06T02:03:46 GMT-04:00" name="teardownDriver" finished-at="2025-08-06T02:03:55 GMT-04:00" duration-ms="8936" status="PASS">
          <reporter-output>
          </reporter-output>
        </test-method> <!-- teardownDriver -->
      </class> <!-- testCases.Queue -->
    </test> <!-- Test_All_Modules_chrome -->
    <test started-at="2025-08-06T02:02:24 GMT-04:00" name="Test_All_Modules_firefox" finished-at="2025-08-06T02:04:10 GMT-04:00" duration-ms="105849">
      <class name="testCases.Stack">
        <test-method is-config="true" signature="open_website(java.lang.String)[pri:0, instance:testCases.Stack@2f6bcf87]" started-at="2025-08-06T02:02:24 GMT-04:00" name="open_website" finished-at="2025-08-06T02:02:40 GMT-04:00" duration-ms="15845" status="PASS">
          <params>
            <param index="0">
              <value>
                <![CDATA[firefox]]>
              </value>
            </param>
          </params>
          <reporter-output>
          </reporter-output>
        </test-method> <!-- open_website -->
        <test-method is-config="true" signature="stack_page()[pri:0, instance:testCases.Stack@2f6bcf87]" started-at="2025-08-06T02:02:40 GMT-04:00" name="stack_page" finished-at="2025-08-06T02:02:40 GMT-04:00" duration-ms="5" status="PASS">
          <reporter-output>
          </reporter-output>
        </test-method> <!-- stack_page -->
        <test-method signature="open_stac_page()[pri:1, instance:testCases.Stack@2f6bcf87]" started-at="2025-08-06T02:02:40 GMT-04:00" name="open_stac_page" finished-at="2025-08-06T02:02:40 GMT-04:00" duration-ms="435" status="PASS">
          <reporter-output>
          </reporter-output>
        </test-method> <!-- open_stac_page -->
        <test-method is-config="true" signature="teardownDriver()[pri:0, instance:testCases.Stack@2f6bcf87]" started-at="2025-08-06T02:02:40 GMT-04:00" name="teardownDriver" finished-at="2025-08-06T02:02:42 GMT-04:00" duration-ms="1556" status="PASS">
          <reporter-output>
          </reporter-output>
        </test-method> <!-- teardownDriver -->
        <test-method is-config="true" signature="open_website(java.lang.String)[pri:0, instance:testCases.Stack@2f6bcf87]" started-at="2025-08-06T02:02:57 GMT-04:00" name="open_website" finished-at="2025-08-06T02:03:07 GMT-04:00" duration-ms="9996" status="PASS">
          <params>
            <param index="0">
              <value>
                <![CDATA[firefox]]>
              </value>
            </param>
          </params>
          <reporter-output>
          </reporter-output>
        </test-method> <!-- open_website -->
        <test-method is-config="true" signature="stack_page()[pri:0, instance:testCases.Stack@2f6bcf87]" started-at="2025-08-06T02:03:07 GMT-04:00" name="stack_page" finished-at="2025-08-06T02:03:07 GMT-04:00" duration-ms="1" status="PASS">
          <reporter-output>
          </reporter-output>
        </test-method> <!-- stack_page -->
        <test-method signature="stackOperations()[pri:2, instance:testCases.Stack@2f6bcf87]" started-at="2025-08-06T02:03:07 GMT-04:00" name="stackOperations" finished-at="2025-08-06T02:03:07 GMT-04:00" duration-ms="665" status="PASS">
          <reporter-output>
          </reporter-output>
        </test-method> <!-- stackOperations -->
        <test-method is-config="true" signature="teardownDriver()[pri:0, instance:testCases.Stack@2f6bcf87]" started-at="2025-08-06T02:03:07 GMT-04:00" name="teardownDriver" finished-at="2025-08-06T02:03:15 GMT-04:00" duration-ms="7703" status="PASS">
          <reporter-output>
          </reporter-output>
        </test-method> <!-- teardownDriver -->
        <test-method is-config="true" signature="open_website(java.lang.String)[pri:0, instance:testCases.Stack@2f6bcf87]" started-at="2025-08-06T02:03:33 GMT-04:00" name="open_website" finished-at="2025-08-06T02:03:41 GMT-04:00" duration-ms="8378" status="PASS">
          <params>
            <param index="0">
              <value>
                <![CDATA[firefox]]>
              </value>
            </param>
          </params>
          <reporter-output>
          </reporter-output>
        </test-method> <!-- open_website -->
        <test-method is-config="true" signature="stack_page()[pri:0, instance:testCases.Stack@2f6bcf87]" started-at="2025-08-06T02:03:41 GMT-04:00" name="stack_page" finished-at="2025-08-06T02:03:41 GMT-04:00" duration-ms="2" status="PASS">
          <reporter-output>
          </reporter-output>
        </test-method> <!-- stack_page -->
        <test-method signature="StackoperationsCodeEditor()[pri:3, instance:testCases.Stack@2f6bcf87]" started-at="2025-08-06T02:03:41 GMT-04:00" name="StackoperationsCodeEditor" finished-at="2025-08-06T02:03:43 GMT-04:00" duration-ms="1655" status="PASS">
          <reporter-output>
          </reporter-output>
        </test-method> <!-- StackoperationsCodeEditor -->
        <test-method is-config="true" signature="teardownDriver()[pri:0, instance:testCases.Stack@2f6bcf87]" started-at="2025-08-06T02:03:43 GMT-04:00" name="teardownDriver" finished-at="2025-08-06T02:03:48 GMT-04:00" duration-ms="4657" status="PASS">
          <reporter-output>
          </reporter-output>
        </test-method> <!-- teardownDriver -->
        <test-method is-config="true" signature="open_website(java.lang.String)[pri:0, instance:testCases.Stack@2f6bcf87]" started-at="2025-08-06T02:04:00 GMT-04:00" name="open_website" finished-at="2025-08-06T02:04:07 GMT-04:00" duration-ms="6729" status="PASS">
          <params>
            <param index="0">
              <value>
                <![CDATA[firefox]]>
              </value>
            </param>
          </params>
          <reporter-output>
          </reporter-output>
        </test-method> <!-- open_website -->
        <test-method is-config="true" signature="stack_page()[pri:0, instance:testCases.Stack@2f6bcf87]" started-at="2025-08-06T02:04:07 GMT-04:00" name="stack_page" finished-at="2025-08-06T02:04:07 GMT-04:00" duration-ms="4" status="PASS">
          <reporter-output>
          </reporter-output>
        </test-method> <!-- stack_page -->
        <test-method signature="StackoperationsTryingEmptyEditor()[pri:4, instance:testCases.Stack@2f6bcf87]" started-at="2025-08-06T02:04:07 GMT-04:00" name="StackoperationsTryingEmptyEditor" finished-at="2025-08-06T02:04:09 GMT-04:00" duration-ms="1653" status="FAIL">
          <exception class="java.lang.AssertionError">
            <message>
              <![CDATA[Failing this test case to show the bug which is, no alert message comes up when clicking on run button without entering anhy code in it]]>
            </message>
            <full-stacktrace>
              <![CDATA[java.lang.AssertionError: Failing this test case to show the bug which is, no alert message comes up when clicking on run button without entering anhy code in it
at org.testng.Assert.fail(Assert.java:110)
at testCases.Stack.StackoperationsTryingEmptyEditor(Stack.java:72)
at java.base/jdk.internal.reflect.DirectMethodHandleAccessor.invoke(DirectMethodHandleAccessor.java:103)
at java.base/java.lang.reflect.Method.invoke(Method.java:580)
at org.testng.internal.invokers.MethodInvocationHelper.invokeMethod(MethodInvocationHelper.java:139)
at org.testng.internal.invokers.TestInvoker.invokeMethod(TestInvoker.java:677)
at org.testng.internal.invokers.TestInvoker.invokeTestMethod(TestInvoker.java:221)
at org.testng.internal.invokers.MethodRunner.runInSequence(MethodRunner.java:50)
at org.testng.internal.invokers.TestInvoker$MethodInvocationAgent.invoke(TestInvoker.java:969)
at org.testng.internal.invokers.TestInvoker.invokeTestMethods(TestInvoker.java:194)
at org.testng.internal.invokers.TestMethodWorker.invokeTestMethods(TestMethodWorker.java:148)
at org.testng.internal.invokers.TestMethodWorker.run(TestMethodWorker.java:128)
at java.base/java.util.ArrayList.forEach(ArrayList.java:1596)
at org.testng.TestRunner.privateRun(TestRunner.java:829)
at org.testng.TestRunner.run(TestRunner.java:602)
at org.testng.SuiteRunner.runTest(SuiteRunner.java:437)
at org.testng.SuiteRunner$SuiteWorker.run(SuiteRunner.java:475)
at org.testng.internal.thread.ThreadUtil.lambda$execute$0(ThreadUtil.java:58)
at java.base/java.util.concurrent.FutureTask.run(FutureTask.java:317)
at java.base/java.util.concurrent.ThreadPoolExecutor.runWorker(ThreadPoolExecutor.java:1144)
at java.base/java.util.concurrent.ThreadPoolExecutor$Worker.run(ThreadPoolExecutor.java:642)
at java.base/java.lang.Thread.run(Thread.java:1583)
]]>
            </full-stacktrace>
          </exception> <!-- java.lang.AssertionError -->
          <reporter-output>
          </reporter-output>
        </test-method> <!-- StackoperationsTryingEmptyEditor -->
        <test-method is-config="true" signature="teardownDriver()[pri:0, instance:testCases.Stack@2f6bcf87]" started-at="2025-08-06T02:04:09 GMT-04:00" name="teardownDriver" finished-at="2025-08-06T02:04:10 GMT-04:00" duration-ms="1033" status="PASS">
          <reporter-output>
          </reporter-output>
        </test-method> <!-- teardownDriver -->
      </class> <!-- testCases.Stack -->
      <class name="testCases.Queue">
        <test-method is-config="true" signature="open_website(java.lang.String)[pri:0, instance:testCases.Queue@58f174d9]" started-at="2025-08-06T02:02:42 GMT-04:00" name="open_website" finished-at="2025-08-06T02:02:53 GMT-04:00" duration-ms="11278" status="PASS">
          <params>
            <param index="0">
              <value>
                <![CDATA[firefox]]>
              </value>
            </param>
          </params>
          <reporter-output>
          </reporter-output>
        </test-method> <!-- open_website -->
        <test-method is-config="true" signature="queue_page()[pri:0, instance:testCases.Queue@58f174d9]" started-at="2025-08-06T02:02:53 GMT-04:00" name="queue_page" finished-at="2025-08-06T02:02:53 GMT-04:00" duration-ms="4" status="PASS">
          <reporter-output>
          </reporter-output>
        </test-method> <!-- queue_page -->
        <test-method signature="open_queue_page()[pri:1, instance:testCases.Queue@58f174d9]" started-at="2025-08-06T02:02:53 GMT-04:00" name="open_queue_page" finished-at="2025-08-06T02:02:53 GMT-04:00" duration-ms="334" status="PASS">
          <reporter-output>
          </reporter-output>
        </test-method> <!-- open_queue_page -->
        <test-method is-config="true" signature="teardownDriver()[pri:0, instance:testCases.Queue@58f174d9]" started-at="2025-08-06T02:02:53 GMT-04:00" name="teardownDriver" finished-at="2025-08-06T02:02:57 GMT-04:00" duration-ms="3274" status="PASS">
          <reporter-output>
          </reporter-output>
        </test-method> <!-- teardownDriver -->
        <test-method is-config="true" signature="open_website(java.lang.String)[pri:0, instance:testCases.Queue@58f174d9]" started-at="2025-08-06T02:03:15 GMT-04:00" name="open_website" finished-at="2025-08-06T02:03:25 GMT-04:00" duration-ms="9775" status="PASS">
          <params>
            <param index="0">
              <value>
                <![CDATA[firefox]]>
              </value>
            </param>
          </params>
          <reporter-output>
          </reporter-output>
        </test-method> <!-- open_website -->
        <test-method is-config="true" signature="queue_page()[pri:0, instance:testCases.Queue@58f174d9]" started-at="2025-08-06T02:03:25 GMT-04:00" name="queue_page" finished-at="2025-08-06T02:03:25 GMT-04:00" duration-ms="7" status="PASS">
          <reporter-output>
          </reporter-output>
        </test-method> <!-- queue_page -->
        <test-method signature="queueImplementation()[pri:2, instance:testCases.Queue@58f174d9]" started-at="2025-08-06T02:03:25 GMT-04:00" name="queueImplementation" finished-at="2025-08-06T02:03:25 GMT-04:00" duration-ms="632" status="PASS">
          <reporter-output>
          </reporter-output>
        </test-method> <!-- queueImplementation -->
        <test-method is-config="true" signature="teardownDriver()[pri:0, instance:testCases.Queue@58f174d9]" started-at="2025-08-06T02:03:25 GMT-04:00" name="teardownDriver" finished-at="2025-08-06T02:03:33 GMT-04:00" duration-ms="7559" status="PASS">
          <reporter-output>
          </reporter-output>
        </test-method> <!-- teardownDriver -->
        <test-method is-config="true" signature="open_website(java.lang.String)[pri:0, instance:testCases.Queue@58f174d9]" started-at="2025-08-06T02:03:48 GMT-04:00" name="open_website" finished-at="2025-08-06T02:03:56 GMT-04:00" duration-ms="8111" status="PASS">
          <params>
            <param index="0">
              <value>
                <![CDATA[firefox]]>
              </value>
            </param>
          </params>
          <reporter-output>
          </reporter-output>
        </test-method> <!-- open_website -->
        <test-method is-config="true" signature="queue_page()[pri:0, instance:testCases.Queue@58f174d9]" started-at="2025-08-06T02:03:56 GMT-04:00" name="queue_page" finished-at="2025-08-06T02:03:56 GMT-04:00" duration-ms="2" status="PASS">
          <reporter-output>
          </reporter-output>
        </test-method> <!-- queue_page -->
        <test-method signature="queueImplementationCodeEditor()[pri:3, instance:testCases.Queue@58f174d9]" started-at="2025-08-06T02:03:56 GMT-04:00" name="queueImplementationCodeEditor" finished-at="2025-08-06T02:03:58 GMT-04:00" duration-ms="2146" status="PASS">
          <reporter-output>
          </reporter-output>
        </test-method> <!-- queueImplementationCodeEditor -->
        <test-method is-config="true" signature="teardownDriver()[pri:0, instance:testCases.Queue@58f174d9]" started-at="2025-08-06T02:03:58 GMT-04:00" name="teardownDriver" finished-at="2025-08-06T02:04:00 GMT-04:00" duration-ms="2206" status="PASS">
          <reporter-output>
          </reporter-output>
        </test-method> <!-- teardownDriver -->
      </class> <!-- testCases.Queue -->
    </test> <!-- Test_All_Modules_firefox -->
  </suite> <!-- Suite_dsAlgo -->
</testng-results>
