<?xml version="1.0" encoding="UTF-8"?>
<testng-results retried="9" ignored="0" total="30" passed="18" failed="3" skipped="0">
  <reporter-output>
  </reporter-output>
  <suite started-at="2025-08-07T11:04:23 GMT-04:00" name="Suite_dsAlgo" finished-at="2025-08-07T11:05:36 GMT-04:00" duration-ms="73310">
    <groups>
    </groups>
    <test started-at="2025-08-07T11:04:23 GMT-04:00" name="Test_All_Modules_edge" finished-at="2025-08-07T11:05:11 GMT-04:00" duration-ms="47856">
      <class name="testCases.Stack">
        <test-method is-config="true" signature="open_website(java.lang.String)[pri:0, instance:testCases.Stack@3d7cc3cb]" started-at="2025-08-07T11:04:23 GMT-04:00" name="open_website" finished-at="2025-08-07T11:04:26 GMT-04:00" duration-ms="2794" status="PASS">
          <params>
            <param index="0">
              <value>
                <![CDATA[edge]]>
              </value>
            </param>
          </params>
          <reporter-output>
          </reporter-output>
        </test-method> <!-- open_website -->
        <test-method is-config="true" signature="stack_page()[pri:0, instance:testCases.Stack@3d7cc3cb]" started-at="2025-08-07T11:04:26 GMT-04:00" name="stack_page" finished-at="2025-08-07T11:04:26 GMT-04:00" duration-ms="9" status="PASS">
          <reporter-output>
          </reporter-output>
        </test-method> <!-- stack_page -->
        <test-method signature="open_stac_page()[pri:1, instance:testCases.Stack@3d7cc3cb]" started-at="2025-08-07T11:04:26 GMT-04:00" name="open_stac_page" finished-at="2025-08-07T11:04:27 GMT-04:00" duration-ms="841" status="PASS">
          <reporter-output>
          </reporter-output>
        </test-method> <!-- open_stac_page -->
        <test-method is-config="true" signature="teardownDriver()[pri:0, instance:testCases.Stack@3d7cc3cb]" started-at="2025-08-07T11:04:27 GMT-04:00" name="teardownDriver" finished-at="2025-08-07T11:04:27 GMT-04:00" duration-ms="237" status="PASS">
          <reporter-output>
          </reporter-output>
        </test-method> <!-- teardownDriver -->
        <test-method is-config="true" signature="open_website(java.lang.String)[pri:0, instance:testCases.Stack@3d7cc3cb]" started-at="2025-08-07T11:04:31 GMT-04:00" name="open_website" finished-at="2025-08-07T11:04:34 GMT-04:00" duration-ms="3080" status="PASS">
          <params>
            <param index="0">
              <value>
                <![CDATA[edge]]>
              </value>
            </param>
          </params>
          <reporter-output>
          </reporter-output>
        </test-method> <!-- open_website -->
        <test-method is-config="true" signature="stack_page()[pri:0, instance:testCases.Stack@3d7cc3cb]" started-at="2025-08-07T11:04:34 GMT-04:00" name="stack_page" finished-at="2025-08-07T11:04:34 GMT-04:00" duration-ms="5" status="PASS">
          <reporter-output>
          </reporter-output>
        </test-method> <!-- stack_page -->
        <test-method signature="stackOperations()[pri:2, instance:testCases.Stack@3d7cc3cb]" started-at="2025-08-07T11:04:34 GMT-04:00" name="stackOperations" finished-at="2025-08-07T11:04:35 GMT-04:00" duration-ms="764" status="PASS">
          <reporter-output>
          </reporter-output>
        </test-method> <!-- stackOperations -->
        <test-method is-config="true" signature="teardownDriver()[pri:0, instance:testCases.Stack@3d7cc3cb]" started-at="2025-08-07T11:04:35 GMT-04:00" name="teardownDriver" finished-at="2025-08-07T11:04:35 GMT-04:00" duration-ms="210" status="PASS">
          <reporter-output>
          </reporter-output>
        </test-method> <!-- teardownDriver -->
        <test-method is-config="true" signature="open_website(java.lang.String)[pri:0, instance:testCases.Stack@3d7cc3cb]" started-at="2025-08-07T11:04:39 GMT-04:00" name="open_website" finished-at="2025-08-07T11:04:42 GMT-04:00" duration-ms="2822" status="PASS">
          <params>
            <param index="0">
              <value>
                <![CDATA[edge]]>
              </value>
            </param>
          </params>
          <reporter-output>
          </reporter-output>
        </test-method> <!-- open_website -->
        <test-method is-config="true" signature="stack_page()[pri:0, instance:testCases.Stack@3d7cc3cb]" started-at="2025-08-07T11:04:42 GMT-04:00" name="stack_page" finished-at="2025-08-07T11:04:42 GMT-04:00" duration-ms="2" status="PASS">
          <reporter-output>
          </reporter-output>
        </test-method> <!-- stack_page -->
        <test-method signature="StackoperationsCodeEditor()[pri:3, instance:testCases.Stack@3d7cc3cb]" started-at="2025-08-07T11:04:42 GMT-04:00" name="StackoperationsCodeEditor" finished-at="2025-08-07T11:04:43 GMT-04:00" duration-ms="1169" status="PASS">
          <reporter-output>
          </reporter-output>
        </test-method> <!-- StackoperationsCodeEditor -->
        <test-method is-config="true" signature="teardownDriver()[pri:0, instance:testCases.Stack@3d7cc3cb]" started-at="2025-08-07T11:04:43 GMT-04:00" name="teardownDriver" finished-at="2025-08-07T11:04:43 GMT-04:00" duration-ms="250" status="PASS">
          <reporter-output>
          </reporter-output>
        </test-method> <!-- teardownDriver -->
        <test-method is-config="true" signature="open_website(java.lang.String)[pri:0, instance:testCases.Stack@3d7cc3cb]" started-at="2025-08-07T11:04:48 GMT-04:00" name="open_website" finished-at="2025-08-07T11:04:52 GMT-04:00" duration-ms="3790" status="PASS">
          <params>
            <param index="0">
              <value>
                <![CDATA[edge]]>
              </value>
            </param>
          </params>
          <reporter-output>
          </reporter-output>
        </test-method> <!-- open_website -->
        <test-method is-config="true" signature="stack_page()[pri:0, instance:testCases.Stack@3d7cc3cb]" started-at="2025-08-07T11:04:52 GMT-04:00" name="stack_page" finished-at="2025-08-07T11:04:52 GMT-04:00" duration-ms="3" status="PASS">
          <reporter-output>
          </reporter-output>
        </test-method> <!-- stack_page -->
        <test-method retried="true" signature="StackoperationsTryingEmptyEditor()[pri:4, instance:testCases.Stack@3d7cc3cb]" started-at="2025-08-07T11:04:52 GMT-04:00" name="StackoperationsTryingEmptyEditor" finished-at="2025-08-07T11:04:54 GMT-04:00" duration-ms="2035" status="SKIP">
          <exception class="java.lang.AssertionError">
            <message>
              <![CDATA[Failing this test case to show the bug which is, no alert message comes up when clicking on run button without entering anhy code in it]]>
            </message>
            <full-stacktrace>
              <![CDATA[java.lang.AssertionError: Failing this test case to show the bug which is, no alert message comes up when clicking on run button without entering anhy code in it
at org.testng.Assert.fail(Assert.java:110)
at testCases.Stack.StackoperationsTryingEmptyEditor(Stack.java:76)
at java.base/jdk.internal.reflect.DirectMethodHandleAccessor.invoke(DirectMethodHandleAccessor.java:103)
at java.base/java.lang.reflect.Method.invoke(Method.java:580)
at org.testng.internal.invokers.MethodInvocationHelper.invokeMethod(MethodInvocationHelper.java:139)
at org.testng.internal.invokers.TestInvoker.invokeMethod(TestInvoker.java:677)
at org.testng.internal.invokers.TestInvoker.invokeTestMethod(TestInvoker.java:221)
at org.testng.internal.invokers.MethodRunner.runInSequence(MethodRunner.java:50)
at org.testng.internal.invokers.TestInvoker$MethodInvocationAgent.invoke(TestInvoker.java:969)
at org.testng.internal.invokers.TestInvoker.invokeTestMethods(TestInvoker.java:194)
at org.testng.internal.invokers.TestMethodWorker.invokeTestMethods(TestMethodWorker.java:148)
at org.testng.internal.invokers.TestMethodWorker.run(TestMethodWorker.java:128)
at java.base/java.util.ArrayList.forEach(ArrayList.java:1596)
at org.testng.TestRunner.privateRun(TestRunner.java:829)
at org.testng.TestRunner.run(TestRunner.java:602)
at org.testng.SuiteRunner.runTest(SuiteRunner.java:437)
at org.testng.SuiteRunner$SuiteWorker.run(SuiteRunner.java:475)
at org.testng.internal.thread.ThreadUtil.lambda$execute$0(ThreadUtil.java:58)
at java.base/java.util.concurrent.FutureTask.run(FutureTask.java:317)
at java.base/java.util.concurrent.ThreadPoolExecutor.runWorker(ThreadPoolExecutor.java:1144)
at java.base/java.util.concurrent.ThreadPoolExecutor$Worker.run(ThreadPoolExecutor.java:642)
at java.base/java.lang.Thread.run(Thread.java:1583)
]]>
            </full-stacktrace>
          </exception> <!-- java.lang.AssertionError -->
          <reporter-output>
          </reporter-output>
        </test-method> <!-- StackoperationsTryingEmptyEditor -->
        <test-method is-config="true" signature="teardownDriver()[pri:0, instance:testCases.Stack@3d7cc3cb]" started-at="2025-08-07T11:04:54 GMT-04:00" name="teardownDriver" finished-at="2025-08-07T11:04:55 GMT-04:00" duration-ms="327" status="PASS">
          <reporter-output>
          </reporter-output>
        </test-method> <!-- teardownDriver -->
        <test-method is-config="true" signature="open_website(java.lang.String)[pri:0, instance:testCases.Stack@3d7cc3cb]" started-at="2025-08-07T11:04:55 GMT-04:00" name="open_website" finished-at="2025-08-07T11:04:58 GMT-04:00" duration-ms="3381" status="PASS">
          <params>
            <param index="0">
              <value>
                <![CDATA[edge]]>
              </value>
            </param>
          </params>
          <reporter-output>
          </reporter-output>
        </test-method> <!-- open_website -->
        <test-method is-config="true" signature="stack_page()[pri:0, instance:testCases.Stack@3d7cc3cb]" started-at="2025-08-07T11:04:58 GMT-04:00" name="stack_page" finished-at="2025-08-07T11:04:58 GMT-04:00" duration-ms="2" status="PASS">
          <reporter-output>
          </reporter-output>
        </test-method> <!-- stack_page -->
        <test-method retried="true" signature="StackoperationsTryingEmptyEditor()[pri:4, instance:testCases.Stack@3d7cc3cb]" started-at="2025-08-07T11:04:58 GMT-04:00" name="StackoperationsTryingEmptyEditor" finished-at="2025-08-07T11:04:59 GMT-04:00" duration-ms="1405" status="SKIP">
          <exception class="java.lang.AssertionError">
            <message>
              <![CDATA[Failing this test case to show the bug which is, no alert message comes up when clicking on run button without entering anhy code in it]]>
            </message>
            <full-stacktrace>
              <![CDATA[java.lang.AssertionError: Failing this test case to show the bug which is, no alert message comes up when clicking on run button without entering anhy code in it
at org.testng.Assert.fail(Assert.java:110)
at testCases.Stack.StackoperationsTryingEmptyEditor(Stack.java:76)
at java.base/jdk.internal.reflect.DirectMethodHandleAccessor.invoke(DirectMethodHandleAccessor.java:103)
at java.base/java.lang.reflect.Method.invoke(Method.java:580)
at org.testng.internal.invokers.MethodInvocationHelper.invokeMethod(MethodInvocationHelper.java:139)
at org.testng.internal.invokers.TestInvoker.invokeMethod(TestInvoker.java:677)
at org.testng.internal.invokers.TestInvoker.retryFailed(TestInvoker.java:263)
at org.testng.internal.invokers.MethodRunner.runInSequence(MethodRunner.java:62)
at org.testng.internal.invokers.TestInvoker$MethodInvocationAgent.invoke(TestInvoker.java:969)
at org.testng.internal.invokers.TestInvoker.invokeTestMethods(TestInvoker.java:194)
at org.testng.internal.invokers.TestMethodWorker.invokeTestMethods(TestMethodWorker.java:148)
at org.testng.internal.invokers.TestMethodWorker.run(TestMethodWorker.java:128)
at java.base/java.util.ArrayList.forEach(ArrayList.java:1596)
at org.testng.TestRunner.privateRun(TestRunner.java:829)
at org.testng.TestRunner.run(TestRunner.java:602)
at org.testng.SuiteRunner.runTest(SuiteRunner.java:437)
at org.testng.SuiteRunner$SuiteWorker.run(SuiteRunner.java:475)
at org.testng.internal.thread.ThreadUtil.lambda$execute$0(ThreadUtil.java:58)
at java.base/java.util.concurrent.FutureTask.run(FutureTask.java:317)
at java.base/java.util.concurrent.ThreadPoolExecutor.runWorker(ThreadPoolExecutor.java:1144)
at java.base/java.util.concurrent.ThreadPoolExecutor$Worker.run(ThreadPoolExecutor.java:642)
at java.base/java.lang.Thread.run(Thread.java:1583)
]]>
            </full-stacktrace>
          </exception> <!-- java.lang.AssertionError -->
          <reporter-output>
          </reporter-output>
        </test-method> <!-- StackoperationsTryingEmptyEditor -->
        <test-method is-config="true" signature="teardownDriver()[pri:0, instance:testCases.Stack@3d7cc3cb]" started-at="2025-08-07T11:04:59 GMT-04:00" name="teardownDriver" finished-at="2025-08-07T11:05:00 GMT-04:00" duration-ms="450" status="PASS">
          <reporter-output>
          </reporter-output>
        </test-method> <!-- teardownDriver -->
        <test-method is-config="true" signature="open_website(java.lang.String)[pri:0, instance:testCases.Stack@3d7cc3cb]" started-at="2025-08-07T11:05:00 GMT-04:00" name="open_website" finished-at="2025-08-07T11:05:04 GMT-04:00" duration-ms="3769" status="PASS">
          <params>
            <param index="0">
              <value>
                <![CDATA[edge]]>
              </value>
            </param>
          </params>
          <reporter-output>
          </reporter-output>
        </test-method> <!-- open_website -->
        <test-method is-config="true" signature="stack_page()[pri:0, instance:testCases.Stack@3d7cc3cb]" started-at="2025-08-07T11:05:04 GMT-04:00" name="stack_page" finished-at="2025-08-07T11:05:04 GMT-04:00" duration-ms="5" status="PASS">
          <reporter-output>
          </reporter-output>
        </test-method> <!-- stack_page -->
        <test-method retried="true" signature="StackoperationsTryingEmptyEditor()[pri:4, instance:testCases.Stack@3d7cc3cb]" started-at="2025-08-07T11:05:04 GMT-04:00" name="StackoperationsTryingEmptyEditor" finished-at="2025-08-07T11:05:05 GMT-04:00" duration-ms="1645" status="SKIP">
          <exception class="java.lang.AssertionError">
            <message>
              <![CDATA[Failing this test case to show the bug which is, no alert message comes up when clicking on run button without entering anhy code in it]]>
            </message>
            <full-stacktrace>
              <![CDATA[java.lang.AssertionError: Failing this test case to show the bug which is, no alert message comes up when clicking on run button without entering anhy code in it
at org.testng.Assert.fail(Assert.java:110)
at testCases.Stack.StackoperationsTryingEmptyEditor(Stack.java:76)
at java.base/jdk.internal.reflect.DirectMethodHandleAccessor.invoke(DirectMethodHandleAccessor.java:103)
at java.base/java.lang.reflect.Method.invoke(Method.java:580)
at org.testng.internal.invokers.MethodInvocationHelper.invokeMethod(MethodInvocationHelper.java:139)
at org.testng.internal.invokers.TestInvoker.invokeMethod(TestInvoker.java:677)
at org.testng.internal.invokers.TestInvoker.retryFailed(TestInvoker.java:263)
at org.testng.internal.invokers.MethodRunner.runInSequence(MethodRunner.java:62)
at org.testng.internal.invokers.TestInvoker$MethodInvocationAgent.invoke(TestInvoker.java:969)
at org.testng.internal.invokers.TestInvoker.invokeTestMethods(TestInvoker.java:194)
at org.testng.internal.invokers.TestMethodWorker.invokeTestMethods(TestMethodWorker.java:148)
at org.testng.internal.invokers.TestMethodWorker.run(TestMethodWorker.java:128)
at java.base/java.util.ArrayList.forEach(ArrayList.java:1596)
at org.testng.TestRunner.privateRun(TestRunner.java:829)
at org.testng.TestRunner.run(TestRunner.java:602)
at org.testng.SuiteRunner.runTest(SuiteRunner.java:437)
at org.testng.SuiteRunner$SuiteWorker.run(SuiteRunner.java:475)
at org.testng.internal.thread.ThreadUtil.lambda$execute$0(ThreadUtil.java:58)
at java.base/java.util.concurrent.FutureTask.run(FutureTask.java:317)
at java.base/java.util.concurrent.ThreadPoolExecutor.runWorker(ThreadPoolExecutor.java:1144)
at java.base/java.util.concurrent.ThreadPoolExecutor$Worker.run(ThreadPoolExecutor.java:642)
at java.base/java.lang.Thread.run(Thread.java:1583)
]]>
            </full-stacktrace>
          </exception> <!-- java.lang.AssertionError -->
          <reporter-output>
          </reporter-output>
        </test-method> <!-- StackoperationsTryingEmptyEditor -->
        <test-method is-config="true" signature="teardownDriver()[pri:0, instance:testCases.Stack@3d7cc3cb]" started-at="2025-08-07T11:05:05 GMT-04:00" name="teardownDriver" finished-at="2025-08-07T11:05:06 GMT-04:00" duration-ms="326" status="PASS">
          <reporter-output>
          </reporter-output>
        </test-method> <!-- teardownDriver -->
        <test-method is-config="true" signature="open_website(java.lang.String)[pri:0, instance:testCases.Stack@3d7cc3cb]" started-at="2025-08-07T11:05:06 GMT-04:00" name="open_website" finished-at="2025-08-07T11:05:09 GMT-04:00" duration-ms="3379" status="PASS">
          <params>
            <param index="0">
              <value>
                <![CDATA[edge]]>
              </value>
            </param>
          </params>
          <reporter-output>
          </reporter-output>
        </test-method> <!-- open_website -->
        <test-method is-config="true" signature="stack_page()[pri:0, instance:testCases.Stack@3d7cc3cb]" started-at="2025-08-07T11:05:09 GMT-04:00" name="stack_page" finished-at="2025-08-07T11:05:09 GMT-04:00" duration-ms="2" status="PASS">
          <reporter-output>
          </reporter-output>
        </test-method> <!-- stack_page -->
        <test-method signature="StackoperationsTryingEmptyEditor()[pri:4, instance:testCases.Stack@3d7cc3cb]" started-at="2025-08-07T11:05:09 GMT-04:00" name="StackoperationsTryingEmptyEditor" finished-at="2025-08-07T11:05:10 GMT-04:00" duration-ms="1428" status="FAIL">
          <exception class="java.lang.AssertionError">
            <message>
              <![CDATA[Failing this test case to show the bug which is, no alert message comes up when clicking on run button without entering anhy code in it]]>
            </message>
            <full-stacktrace>
              <![CDATA[java.lang.AssertionError: Failing this test case to show the bug which is, no alert message comes up when clicking on run button without entering anhy code in it
at org.testng.Assert.fail(Assert.java:110)
at testCases.Stack.StackoperationsTryingEmptyEditor(Stack.java:76)
at java.base/jdk.internal.reflect.DirectMethodHandleAccessor.invoke(DirectMethodHandleAccessor.java:103)
at java.base/java.lang.reflect.Method.invoke(Method.java:580)
at org.testng.internal.invokers.MethodInvocationHelper.invokeMethod(MethodInvocationHelper.java:139)
at org.testng.internal.invokers.TestInvoker.invokeMethod(TestInvoker.java:677)
at org.testng.internal.invokers.TestInvoker.retryFailed(TestInvoker.java:263)
at org.testng.internal.invokers.MethodRunner.runInSequence(MethodRunner.java:62)
at org.testng.internal.invokers.TestInvoker$MethodInvocationAgent.invoke(TestInvoker.java:969)
at org.testng.internal.invokers.TestInvoker.invokeTestMethods(TestInvoker.java:194)
at org.testng.internal.invokers.TestMethodWorker.invokeTestMethods(TestMethodWorker.java:148)
at org.testng.internal.invokers.TestMethodWorker.run(TestMethodWorker.java:128)
at java.base/java.util.ArrayList.forEach(ArrayList.java:1596)
at org.testng.TestRunner.privateRun(TestRunner.java:829)
at org.testng.TestRunner.run(TestRunner.java:602)
at org.testng.SuiteRunner.runTest(SuiteRunner.java:437)
at org.testng.SuiteRunner$SuiteWorker.run(SuiteRunner.java:475)
at org.testng.internal.thread.ThreadUtil.lambda$execute$0(ThreadUtil.java:58)
at java.base/java.util.concurrent.FutureTask.run(FutureTask.java:317)
at java.base/java.util.concurrent.ThreadPoolExecutor.runWorker(ThreadPoolExecutor.java:1144)
at java.base/java.util.concurrent.ThreadPoolExecutor$Worker.run(ThreadPoolExecutor.java:642)
at java.base/java.lang.Thread.run(Thread.java:1583)
]]>
            </full-stacktrace>
          </exception> <!-- java.lang.AssertionError -->
          <reporter-output>
          </reporter-output>
        </test-method> <!-- StackoperationsTryingEmptyEditor -->
        <test-method is-config="true" signature="teardownDriver()[pri:0, instance:testCases.Stack@3d7cc3cb]" started-at="2025-08-07T11:05:11 GMT-04:00" name="teardownDriver" finished-at="2025-08-07T11:05:11 GMT-04:00" duration-ms="335" status="PASS">
          <reporter-output>
          </reporter-output>
        </test-method> <!-- teardownDriver -->
      </class> <!-- testCases.Stack -->
      <class name="testCases.Queue">
        <test-method is-config="true" signature="open_website(java.lang.String)[pri:0, instance:testCases.Queue@35e478f]" started-at="2025-08-07T11:04:27 GMT-04:00" name="open_website" finished-at="2025-08-07T11:04:30 GMT-04:00" duration-ms="3115" status="PASS">
          <params>
            <param index="0">
              <value>
                <![CDATA[edge]]>
              </value>
            </param>
          </params>
          <reporter-output>
          </reporter-output>
        </test-method> <!-- open_website -->
        <test-method is-config="true" signature="queue_page()[pri:0, instance:testCases.Queue@35e478f]" started-at="2025-08-07T11:04:30 GMT-04:00" name="queue_page" finished-at="2025-08-07T11:04:30 GMT-04:00" duration-ms="4" status="PASS">
          <reporter-output>
          </reporter-output>
        </test-method> <!-- queue_page -->
        <test-method signature="open_queue_page()[pri:1, instance:testCases.Queue@35e478f]" started-at="2025-08-07T11:04:30 GMT-04:00" name="open_queue_page" finished-at="2025-08-07T11:04:31 GMT-04:00" duration-ms="358" status="PASS">
          <reporter-output>
          </reporter-output>
        </test-method> <!-- open_queue_page -->
        <test-method is-config="true" signature="teardownDriver()[pri:0, instance:testCases.Queue@35e478f]" started-at="2025-08-07T11:04:31 GMT-04:00" name="teardownDriver" finished-at="2025-08-07T11:04:31 GMT-04:00" duration-ms="259" status="PASS">
          <reporter-output>
          </reporter-output>
        </test-method> <!-- teardownDriver -->
        <test-method is-config="true" signature="open_website(java.lang.String)[pri:0, instance:testCases.Queue@35e478f]" started-at="2025-08-07T11:04:35 GMT-04:00" name="open_website" finished-at="2025-08-07T11:04:37 GMT-04:00" duration-ms="2593" status="PASS">
          <params>
            <param index="0">
              <value>
                <![CDATA[edge]]>
              </value>
            </param>
          </params>
          <reporter-output>
          </reporter-output>
        </test-method> <!-- open_website -->
        <test-method is-config="true" signature="queue_page()[pri:0, instance:testCases.Queue@35e478f]" started-at="2025-08-07T11:04:37 GMT-04:00" name="queue_page" finished-at="2025-08-07T11:04:37 GMT-04:00" duration-ms="3" status="PASS">
          <reporter-output>
          </reporter-output>
        </test-method> <!-- queue_page -->
        <test-method signature="queueImplementation()[pri:2, instance:testCases.Queue@35e478f]" started-at="2025-08-07T11:04:37 GMT-04:00" name="queueImplementation" finished-at="2025-08-07T11:04:39 GMT-04:00" duration-ms="1264" status="PASS">
          <reporter-output>
          </reporter-output>
        </test-method> <!-- queueImplementation -->
        <test-method is-config="true" signature="teardownDriver()[pri:0, instance:testCases.Queue@35e478f]" started-at="2025-08-07T11:04:39 GMT-04:00" name="teardownDriver" finished-at="2025-08-07T11:04:39 GMT-04:00" duration-ms="231" status="PASS">
          <reporter-output>
          </reporter-output>
        </test-method> <!-- teardownDriver -->
        <test-method is-config="true" signature="open_website(java.lang.String)[pri:0, instance:testCases.Queue@35e478f]" started-at="2025-08-07T11:04:43 GMT-04:00" name="open_website" finished-at="2025-08-07T11:04:47 GMT-04:00" duration-ms="3472" status="PASS">
          <params>
            <param index="0">
              <value>
                <![CDATA[edge]]>
              </value>
            </param>
          </params>
          <reporter-output>
          </reporter-output>
        </test-method> <!-- open_website -->
        <test-method is-config="true" signature="queue_page()[pri:0, instance:testCases.Queue@35e478f]" started-at="2025-08-07T11:04:47 GMT-04:00" name="queue_page" finished-at="2025-08-07T11:04:47 GMT-04:00" duration-ms="5" status="PASS">
          <reporter-output>
          </reporter-output>
        </test-method> <!-- queue_page -->
        <test-method signature="queueImplementationCodeEditor()[pri:3, instance:testCases.Queue@35e478f]" started-at="2025-08-07T11:04:47 GMT-04:00" name="queueImplementationCodeEditor" finished-at="2025-08-07T11:04:48 GMT-04:00" duration-ms="1408" status="PASS">
          <reporter-output>
          </reporter-output>
        </test-method> <!-- queueImplementationCodeEditor -->
        <test-method is-config="true" signature="teardownDriver()[pri:0, instance:testCases.Queue@35e478f]" started-at="2025-08-07T11:04:48 GMT-04:00" name="teardownDriver" finished-at="2025-08-07T11:04:48 GMT-04:00" duration-ms="197" status="PASS">
          <reporter-output>
          </reporter-output>
        </test-method> <!-- teardownDriver -->
      </class> <!-- testCases.Queue -->
    </test> <!-- Test_All_Modules_edge -->
    <test started-at="2025-08-07T11:04:23 GMT-04:00" name="Test_All_Modules_chrome" finished-at="2025-08-07T11:05:11 GMT-04:00" duration-ms="47921">
      <class name="testCases.Stack">
        <test-method is-config="true" signature="open_website(java.lang.String)[pri:0, instance:testCases.Stack@2228db21]" started-at="2025-08-07T11:04:23 GMT-04:00" name="open_website" finished-at="2025-08-07T11:04:26 GMT-04:00" duration-ms="3408" status="PASS">
          <params>
            <param index="0">
              <value>
                <![CDATA[chrome]]>
              </value>
            </param>
          </params>
          <reporter-output>
          </reporter-output>
        </test-method> <!-- open_website -->
        <test-method is-config="true" signature="stack_page()[pri:0, instance:testCases.Stack@2228db21]" started-at="2025-08-07T11:04:26 GMT-04:00" name="stack_page" finished-at="2025-08-07T11:04:26 GMT-04:00" duration-ms="3" status="PASS">
          <reporter-output>
          </reporter-output>
        </test-method> <!-- stack_page -->
        <test-method signature="open_stac_page()[pri:1, instance:testCases.Stack@2228db21]" started-at="2025-08-07T11:04:26 GMT-04:00" name="open_stac_page" finished-at="2025-08-07T11:04:27 GMT-04:00" duration-ms="350" status="PASS">
          <reporter-output>
          </reporter-output>
        </test-method> <!-- open_stac_page -->
        <test-method is-config="true" signature="teardownDriver()[pri:0, instance:testCases.Stack@2228db21]" started-at="2025-08-07T11:04:27 GMT-04:00" name="teardownDriver" finished-at="2025-08-07T11:04:27 GMT-04:00" duration-ms="248" status="PASS">
          <reporter-output>
          </reporter-output>
        </test-method> <!-- teardownDriver -->
        <test-method is-config="true" signature="open_website(java.lang.String)[pri:0, instance:testCases.Stack@2228db21]" started-at="2025-08-07T11:04:31 GMT-04:00" name="open_website" finished-at="2025-08-07T11:04:34 GMT-04:00" duration-ms="3002" status="PASS">
          <params>
            <param index="0">
              <value>
                <![CDATA[chrome]]>
              </value>
            </param>
          </params>
          <reporter-output>
          </reporter-output>
        </test-method> <!-- open_website -->
        <test-method is-config="true" signature="stack_page()[pri:0, instance:testCases.Stack@2228db21]" started-at="2025-08-07T11:04:34 GMT-04:00" name="stack_page" finished-at="2025-08-07T11:04:34 GMT-04:00" duration-ms="6" status="PASS">
          <reporter-output>
          </reporter-output>
        </test-method> <!-- stack_page -->
        <test-method signature="stackOperations()[pri:2, instance:testCases.Stack@2228db21]" started-at="2025-08-07T11:04:34 GMT-04:00" name="stackOperations" finished-at="2025-08-07T11:04:35 GMT-04:00" duration-ms="758" status="PASS">
          <reporter-output>
          </reporter-output>
        </test-method> <!-- stackOperations -->
        <test-method is-config="true" signature="teardownDriver()[pri:0, instance:testCases.Stack@2228db21]" started-at="2025-08-07T11:04:35 GMT-04:00" name="teardownDriver" finished-at="2025-08-07T11:04:35 GMT-04:00" duration-ms="173" status="PASS">
          <reporter-output>
          </reporter-output>
        </test-method> <!-- teardownDriver -->
        <test-method is-config="true" signature="open_website(java.lang.String)[pri:0, instance:testCases.Stack@2228db21]" started-at="2025-08-07T11:04:39 GMT-04:00" name="open_website" finished-at="2025-08-07T11:04:42 GMT-04:00" duration-ms="3078" status="PASS">
          <params>
            <param index="0">
              <value>
                <![CDATA[chrome]]>
              </value>
            </param>
          </params>
          <reporter-output>
          </reporter-output>
        </test-method> <!-- open_website -->
        <test-method is-config="true" signature="stack_page()[pri:0, instance:testCases.Stack@2228db21]" started-at="2025-08-07T11:04:42 GMT-04:00" name="stack_page" finished-at="2025-08-07T11:04:42 GMT-04:00" duration-ms="2" status="PASS">
          <reporter-output>
          </reporter-output>
        </test-method> <!-- stack_page -->
        <test-method signature="StackoperationsCodeEditor()[pri:3, instance:testCases.Stack@2228db21]" started-at="2025-08-07T11:04:42 GMT-04:00" name="StackoperationsCodeEditor" finished-at="2025-08-07T11:04:43 GMT-04:00" duration-ms="1405" status="PASS">
          <reporter-output>
          </reporter-output>
        </test-method> <!-- StackoperationsCodeEditor -->
        <test-method is-config="true" signature="teardownDriver()[pri:0, instance:testCases.Stack@2228db21]" started-at="2025-08-07T11:04:43 GMT-04:00" name="teardownDriver" finished-at="2025-08-07T11:04:44 GMT-04:00" duration-ms="200" status="PASS">
          <reporter-output>
          </reporter-output>
        </test-method> <!-- teardownDriver -->
        <test-method is-config="true" signature="open_website(java.lang.String)[pri:0, instance:testCases.Stack@2228db21]" started-at="2025-08-07T11:04:49 GMT-04:00" name="open_website" finished-at="2025-08-07T11:04:52 GMT-04:00" duration-ms="3586" status="PASS">
          <params>
            <param index="0">
              <value>
                <![CDATA[chrome]]>
              </value>
            </param>
          </params>
          <reporter-output>
          </reporter-output>
        </test-method> <!-- open_website -->
        <test-method is-config="true" signature="stack_page()[pri:0, instance:testCases.Stack@2228db21]" started-at="2025-08-07T11:04:52 GMT-04:00" name="stack_page" finished-at="2025-08-07T11:04:52 GMT-04:00" duration-ms="1" status="PASS">
          <reporter-output>
          </reporter-output>
        </test-method> <!-- stack_page -->
        <test-method retried="true" signature="StackoperationsTryingEmptyEditor()[pri:4, instance:testCases.Stack@2228db21]" started-at="2025-08-07T11:04:52 GMT-04:00" name="StackoperationsTryingEmptyEditor" finished-at="2025-08-07T11:04:54 GMT-04:00" duration-ms="1639" status="SKIP">
          <exception class="java.lang.AssertionError">
            <message>
              <![CDATA[Failing this test case to show the bug which is, no alert message comes up when clicking on run button without entering anhy code in it]]>
            </message>
            <full-stacktrace>
              <![CDATA[java.lang.AssertionError: Failing this test case to show the bug which is, no alert message comes up when clicking on run button without entering anhy code in it
at org.testng.Assert.fail(Assert.java:110)
at testCases.Stack.StackoperationsTryingEmptyEditor(Stack.java:76)
at java.base/jdk.internal.reflect.DirectMethodHandleAccessor.invoke(DirectMethodHandleAccessor.java:103)
at java.base/java.lang.reflect.Method.invoke(Method.java:580)
at org.testng.internal.invokers.MethodInvocationHelper.invokeMethod(MethodInvocationHelper.java:139)
at org.testng.internal.invokers.TestInvoker.invokeMethod(TestInvoker.java:677)
at org.testng.internal.invokers.TestInvoker.invokeTestMethod(TestInvoker.java:221)
at org.testng.internal.invokers.MethodRunner.runInSequence(MethodRunner.java:50)
at org.testng.internal.invokers.TestInvoker$MethodInvocationAgent.invoke(TestInvoker.java:969)
at org.testng.internal.invokers.TestInvoker.invokeTestMethods(TestInvoker.java:194)
at org.testng.internal.invokers.TestMethodWorker.invokeTestMethods(TestMethodWorker.java:148)
at org.testng.internal.invokers.TestMethodWorker.run(TestMethodWorker.java:128)
at java.base/java.util.ArrayList.forEach(ArrayList.java:1596)
at org.testng.TestRunner.privateRun(TestRunner.java:829)
at org.testng.TestRunner.run(TestRunner.java:602)
at org.testng.SuiteRunner.runTest(SuiteRunner.java:437)
at org.testng.SuiteRunner$SuiteWorker.run(SuiteRunner.java:475)
at org.testng.internal.thread.ThreadUtil.lambda$execute$0(ThreadUtil.java:58)
at java.base/java.util.concurrent.FutureTask.run(FutureTask.java:317)
at java.base/java.util.concurrent.ThreadPoolExecutor.runWorker(ThreadPoolExecutor.java:1144)
at java.base/java.util.concurrent.ThreadPoolExecutor$Worker.run(ThreadPoolExecutor.java:642)
at java.base/java.lang.Thread.run(Thread.java:1583)
]]>
            </full-stacktrace>
          </exception> <!-- java.lang.AssertionError -->
          <reporter-output>
          </reporter-output>
        </test-method> <!-- StackoperationsTryingEmptyEditor -->
        <test-method is-config="true" signature="teardownDriver()[pri:0, instance:testCases.Stack@2228db21]" started-at="2025-08-07T11:04:54 GMT-04:00" name="teardownDriver" finished-at="2025-08-07T11:04:54 GMT-04:00" duration-ms="292" status="PASS">
          <reporter-output>
          </reporter-output>
        </test-method> <!-- teardownDriver -->
        <test-method is-config="true" signature="open_website(java.lang.String)[pri:0, instance:testCases.Stack@2228db21]" started-at="2025-08-07T11:04:54 GMT-04:00" name="open_website" finished-at="2025-08-07T11:04:58 GMT-04:00" duration-ms="3729" status="PASS">
          <params>
            <param index="0">
              <value>
                <![CDATA[chrome]]>
              </value>
            </param>
          </params>
          <reporter-output>
          </reporter-output>
        </test-method> <!-- open_website -->
        <test-method is-config="true" signature="stack_page()[pri:0, instance:testCases.Stack@2228db21]" started-at="2025-08-07T11:04:58 GMT-04:00" name="stack_page" finished-at="2025-08-07T11:04:58 GMT-04:00" duration-ms="1" status="PASS">
          <reporter-output>
          </reporter-output>
        </test-method> <!-- stack_page -->
        <test-method retried="true" signature="StackoperationsTryingEmptyEditor()[pri:4, instance:testCases.Stack@2228db21]" started-at="2025-08-07T11:04:58 GMT-04:00" name="StackoperationsTryingEmptyEditor" finished-at="2025-08-07T11:04:59 GMT-04:00" duration-ms="1358" status="SKIP">
          <exception class="java.lang.AssertionError">
            <message>
              <![CDATA[Failing this test case to show the bug which is, no alert message comes up when clicking on run button without entering anhy code in it]]>
            </message>
            <full-stacktrace>
              <![CDATA[java.lang.AssertionError: Failing this test case to show the bug which is, no alert message comes up when clicking on run button without entering anhy code in it
at org.testng.Assert.fail(Assert.java:110)
at testCases.Stack.StackoperationsTryingEmptyEditor(Stack.java:76)
at java.base/jdk.internal.reflect.DirectMethodHandleAccessor.invoke(DirectMethodHandleAccessor.java:103)
at java.base/java.lang.reflect.Method.invoke(Method.java:580)
at org.testng.internal.invokers.MethodInvocationHelper.invokeMethod(MethodInvocationHelper.java:139)
at org.testng.internal.invokers.TestInvoker.invokeMethod(TestInvoker.java:677)
at org.testng.internal.invokers.TestInvoker.retryFailed(TestInvoker.java:263)
at org.testng.internal.invokers.MethodRunner.runInSequence(MethodRunner.java:62)
at org.testng.internal.invokers.TestInvoker$MethodInvocationAgent.invoke(TestInvoker.java:969)
at org.testng.internal.invokers.TestInvoker.invokeTestMethods(TestInvoker.java:194)
at org.testng.internal.invokers.TestMethodWorker.invokeTestMethods(TestMethodWorker.java:148)
at org.testng.internal.invokers.TestMethodWorker.run(TestMethodWorker.java:128)
at java.base/java.util.ArrayList.forEach(ArrayList.java:1596)
at org.testng.TestRunner.privateRun(TestRunner.java:829)
at org.testng.TestRunner.run(TestRunner.java:602)
at org.testng.SuiteRunner.runTest(SuiteRunner.java:437)
at org.testng.SuiteRunner$SuiteWorker.run(SuiteRunner.java:475)
at org.testng.internal.thread.ThreadUtil.lambda$execute$0(ThreadUtil.java:58)
at java.base/java.util.concurrent.FutureTask.run(FutureTask.java:317)
at java.base/java.util.concurrent.ThreadPoolExecutor.runWorker(ThreadPoolExecutor.java:1144)
at java.base/java.util.concurrent.ThreadPoolExecutor$Worker.run(ThreadPoolExecutor.java:642)
at java.base/java.lang.Thread.run(Thread.java:1583)
]]>
            </full-stacktrace>
          </exception> <!-- java.lang.AssertionError -->
          <reporter-output>
          </reporter-output>
        </test-method> <!-- StackoperationsTryingEmptyEditor -->
        <test-method is-config="true" signature="teardownDriver()[pri:0, instance:testCases.Stack@2228db21]" started-at="2025-08-07T11:04:59 GMT-04:00" name="teardownDriver" finished-at="2025-08-07T11:05:00 GMT-04:00" duration-ms="390" status="PASS">
          <reporter-output>
          </reporter-output>
        </test-method> <!-- teardownDriver -->
        <test-method is-config="true" signature="open_website(java.lang.String)[pri:0, instance:testCases.Stack@2228db21]" started-at="2025-08-07T11:05:00 GMT-04:00" name="open_website" finished-at="2025-08-07T11:05:04 GMT-04:00" duration-ms="3855" status="PASS">
          <params>
            <param index="0">
              <value>
                <![CDATA[chrome]]>
              </value>
            </param>
          </params>
          <reporter-output>
          </reporter-output>
        </test-method> <!-- open_website -->
        <test-method is-config="true" signature="stack_page()[pri:0, instance:testCases.Stack@2228db21]" started-at="2025-08-07T11:05:04 GMT-04:00" name="stack_page" finished-at="2025-08-07T11:05:04 GMT-04:00" duration-ms="1" status="PASS">
          <reporter-output>
          </reporter-output>
        </test-method> <!-- stack_page -->
        <test-method retried="true" signature="StackoperationsTryingEmptyEditor()[pri:4, instance:testCases.Stack@2228db21]" started-at="2025-08-07T11:05:04 GMT-04:00" name="StackoperationsTryingEmptyEditor" finished-at="2025-08-07T11:05:05 GMT-04:00" duration-ms="1713" status="SKIP">
          <exception class="java.lang.AssertionError">
            <message>
              <![CDATA[Failing this test case to show the bug which is, no alert message comes up when clicking on run button without entering anhy code in it]]>
            </message>
            <full-stacktrace>
              <![CDATA[java.lang.AssertionError: Failing this test case to show the bug which is, no alert message comes up when clicking on run button without entering anhy code in it
at org.testng.Assert.fail(Assert.java:110)
at testCases.Stack.StackoperationsTryingEmptyEditor(Stack.java:76)
at java.base/jdk.internal.reflect.DirectMethodHandleAccessor.invoke(DirectMethodHandleAccessor.java:103)
at java.base/java.lang.reflect.Method.invoke(Method.java:580)
at org.testng.internal.invokers.MethodInvocationHelper.invokeMethod(MethodInvocationHelper.java:139)
at org.testng.internal.invokers.TestInvoker.invokeMethod(TestInvoker.java:677)
at org.testng.internal.invokers.TestInvoker.retryFailed(TestInvoker.java:263)
at org.testng.internal.invokers.MethodRunner.runInSequence(MethodRunner.java:62)
at org.testng.internal.invokers.TestInvoker$MethodInvocationAgent.invoke(TestInvoker.java:969)
at org.testng.internal.invokers.TestInvoker.invokeTestMethods(TestInvoker.java:194)
at org.testng.internal.invokers.TestMethodWorker.invokeTestMethods(TestMethodWorker.java:148)
at org.testng.internal.invokers.TestMethodWorker.run(TestMethodWorker.java:128)
at java.base/java.util.ArrayList.forEach(ArrayList.java:1596)
at org.testng.TestRunner.privateRun(TestRunner.java:829)
at org.testng.TestRunner.run(TestRunner.java:602)
at org.testng.SuiteRunner.runTest(SuiteRunner.java:437)
at org.testng.SuiteRunner$SuiteWorker.run(SuiteRunner.java:475)
at org.testng.internal.thread.ThreadUtil.lambda$execute$0(ThreadUtil.java:58)
at java.base/java.util.concurrent.FutureTask.run(FutureTask.java:317)
at java.base/java.util.concurrent.ThreadPoolExecutor.runWorker(ThreadPoolExecutor.java:1144)
at java.base/java.util.concurrent.ThreadPoolExecutor$Worker.run(ThreadPoolExecutor.java:642)
at java.base/java.lang.Thread.run(Thread.java:1583)
]]>
            </full-stacktrace>
          </exception> <!-- java.lang.AssertionError -->
          <reporter-output>
          </reporter-output>
        </test-method> <!-- StackoperationsTryingEmptyEditor -->
        <test-method is-config="true" signature="teardownDriver()[pri:0, instance:testCases.Stack@2228db21]" started-at="2025-08-07T11:05:05 GMT-04:00" name="teardownDriver" finished-at="2025-08-07T11:05:05 GMT-04:00" duration-ms="212" status="PASS">
          <reporter-output>
          </reporter-output>
        </test-method> <!-- teardownDriver -->
        <test-method is-config="true" signature="open_website(java.lang.String)[pri:0, instance:testCases.Stack@2228db21]" started-at="2025-08-07T11:05:05 GMT-04:00" name="open_website" finished-at="2025-08-07T11:05:09 GMT-04:00" duration-ms="3526" status="PASS">
          <params>
            <param index="0">
              <value>
                <![CDATA[chrome]]>
              </value>
            </param>
          </params>
          <reporter-output>
          </reporter-output>
        </test-method> <!-- open_website -->
        <test-method is-config="true" signature="stack_page()[pri:0, instance:testCases.Stack@2228db21]" started-at="2025-08-07T11:05:09 GMT-04:00" name="stack_page" finished-at="2025-08-07T11:05:09 GMT-04:00" duration-ms="2" status="PASS">
          <reporter-output>
          </reporter-output>
        </test-method> <!-- stack_page -->
        <test-method signature="StackoperationsTryingEmptyEditor()[pri:4, instance:testCases.Stack@2228db21]" started-at="2025-08-07T11:05:09 GMT-04:00" name="StackoperationsTryingEmptyEditor" finished-at="2025-08-07T11:05:10 GMT-04:00" duration-ms="1377" status="FAIL">
          <exception class="java.lang.AssertionError">
            <message>
              <![CDATA[Failing this test case to show the bug which is, no alert message comes up when clicking on run button without entering anhy code in it]]>
            </message>
            <full-stacktrace>
              <![CDATA[java.lang.AssertionError: Failing this test case to show the bug which is, no alert message comes up when clicking on run button without entering anhy code in it
at org.testng.Assert.fail(Assert.java:110)
at testCases.Stack.StackoperationsTryingEmptyEditor(Stack.java:76)
at java.base/jdk.internal.reflect.DirectMethodHandleAccessor.invoke(DirectMethodHandleAccessor.java:103)
at java.base/java.lang.reflect.Method.invoke(Method.java:580)
at org.testng.internal.invokers.MethodInvocationHelper.invokeMethod(MethodInvocationHelper.java:139)
at org.testng.internal.invokers.TestInvoker.invokeMethod(TestInvoker.java:677)
at org.testng.internal.invokers.TestInvoker.retryFailed(TestInvoker.java:263)
at org.testng.internal.invokers.MethodRunner.runInSequence(MethodRunner.java:62)
at org.testng.internal.invokers.TestInvoker$MethodInvocationAgent.invoke(TestInvoker.java:969)
at org.testng.internal.invokers.TestInvoker.invokeTestMethods(TestInvoker.java:194)
at org.testng.internal.invokers.TestMethodWorker.invokeTestMethods(TestMethodWorker.java:148)
at org.testng.internal.invokers.TestMethodWorker.run(TestMethodWorker.java:128)
at java.base/java.util.ArrayList.forEach(ArrayList.java:1596)
at org.testng.TestRunner.privateRun(TestRunner.java:829)
at org.testng.TestRunner.run(TestRunner.java:602)
at org.testng.SuiteRunner.runTest(SuiteRunner.java:437)
at org.testng.SuiteRunner$SuiteWorker.run(SuiteRunner.java:475)
at org.testng.internal.thread.ThreadUtil.lambda$execute$0(ThreadUtil.java:58)
at java.base/java.util.concurrent.FutureTask.run(FutureTask.java:317)
at java.base/java.util.concurrent.ThreadPoolExecutor.runWorker(ThreadPoolExecutor.java:1144)
at java.base/java.util.concurrent.ThreadPoolExecutor$Worker.run(ThreadPoolExecutor.java:642)
at java.base/java.lang.Thread.run(Thread.java:1583)
]]>
            </full-stacktrace>
          </exception> <!-- java.lang.AssertionError -->
          <reporter-output>
          </reporter-output>
        </test-method> <!-- StackoperationsTryingEmptyEditor -->
        <test-method is-config="true" signature="teardownDriver()[pri:0, instance:testCases.Stack@2228db21]" started-at="2025-08-07T11:05:11 GMT-04:00" name="teardownDriver" finished-at="2025-08-07T11:05:11 GMT-04:00" duration-ms="371" status="PASS">
          <reporter-output>
          </reporter-output>
        </test-method> <!-- teardownDriver -->
      </class> <!-- testCases.Stack -->
      <class name="testCases.Queue">
        <test-method is-config="true" signature="open_website(java.lang.String)[pri:0, instance:testCases.Queue@4248ed58]" started-at="2025-08-07T11:04:27 GMT-04:00" name="open_website" finished-at="2025-08-07T11:04:30 GMT-04:00" duration-ms="3179" status="PASS">
          <params>
            <param index="0">
              <value>
                <![CDATA[chrome]]>
              </value>
            </param>
          </params>
          <reporter-output>
          </reporter-output>
        </test-method> <!-- open_website -->
        <test-method is-config="true" signature="queue_page()[pri:0, instance:testCases.Queue@4248ed58]" started-at="2025-08-07T11:04:30 GMT-04:00" name="queue_page" finished-at="2025-08-07T11:04:30 GMT-04:00" duration-ms="2" status="PASS">
          <reporter-output>
          </reporter-output>
        </test-method> <!-- queue_page -->
        <test-method signature="open_queue_page()[pri:1, instance:testCases.Queue@4248ed58]" started-at="2025-08-07T11:04:30 GMT-04:00" name="open_queue_page" finished-at="2025-08-07T11:04:31 GMT-04:00" duration-ms="342" status="PASS">
          <reporter-output>
          </reporter-output>
        </test-method> <!-- open_queue_page -->
        <test-method is-config="true" signature="teardownDriver()[pri:0, instance:testCases.Queue@4248ed58]" started-at="2025-08-07T11:04:31 GMT-04:00" name="teardownDriver" finished-at="2025-08-07T11:04:31 GMT-04:00" duration-ms="273" status="PASS">
          <reporter-output>
          </reporter-output>
        </test-method> <!-- teardownDriver -->
        <test-method is-config="true" signature="open_website(java.lang.String)[pri:0, instance:testCases.Queue@4248ed58]" started-at="2025-08-07T11:04:35 GMT-04:00" name="open_website" finished-at="2025-08-07T11:04:38 GMT-04:00" duration-ms="3172" status="PASS">
          <params>
            <param index="0">
              <value>
                <![CDATA[chrome]]>
              </value>
            </param>
          </params>
          <reporter-output>
          </reporter-output>
        </test-method> <!-- open_website -->
        <test-method is-config="true" signature="queue_page()[pri:0, instance:testCases.Queue@4248ed58]" started-at="2025-08-07T11:04:38 GMT-04:00" name="queue_page" finished-at="2025-08-07T11:04:38 GMT-04:00" duration-ms="1" status="PASS">
          <reporter-output>
          </reporter-output>
        </test-method> <!-- queue_page -->
        <test-method signature="queueImplementation()[pri:2, instance:testCases.Queue@4248ed58]" started-at="2025-08-07T11:04:38 GMT-04:00" name="queueImplementation" finished-at="2025-08-07T11:04:39 GMT-04:00" duration-ms="633" status="PASS">
          <reporter-output>
          </reporter-output>
        </test-method> <!-- queueImplementation -->
        <test-method is-config="true" signature="teardownDriver()[pri:0, instance:testCases.Queue@4248ed58]" started-at="2025-08-07T11:04:39 GMT-04:00" name="teardownDriver" finished-at="2025-08-07T11:04:39 GMT-04:00" duration-ms="197" status="PASS">
          <reporter-output>
          </reporter-output>
        </test-method> <!-- teardownDriver -->
        <test-method is-config="true" signature="open_website(java.lang.String)[pri:0, instance:testCases.Queue@4248ed58]" started-at="2025-08-07T11:04:44 GMT-04:00" name="open_website" finished-at="2025-08-07T11:04:47 GMT-04:00" duration-ms="3645" status="PASS">
          <params>
            <param index="0">
              <value>
                <![CDATA[chrome]]>
              </value>
            </param>
          </params>
          <reporter-output>
          </reporter-output>
        </test-method> <!-- open_website -->
        <test-method is-config="true" signature="queue_page()[pri:0, instance:testCases.Queue@4248ed58]" started-at="2025-08-07T11:04:47 GMT-04:00" name="queue_page" finished-at="2025-08-07T11:04:47 GMT-04:00" duration-ms="1" status="PASS">
          <reporter-output>
          </reporter-output>
        </test-method> <!-- queue_page -->
        <test-method signature="queueImplementationCodeEditor()[pri:3, instance:testCases.Queue@4248ed58]" started-at="2025-08-07T11:04:47 GMT-04:00" name="queueImplementationCodeEditor" finished-at="2025-08-07T11:04:48 GMT-04:00" duration-ms="1235" status="PASS">
          <reporter-output>
          </reporter-output>
        </test-method> <!-- queueImplementationCodeEditor -->
        <test-method is-config="true" signature="teardownDriver()[pri:0, instance:testCases.Queue@4248ed58]" started-at="2025-08-07T11:04:48 GMT-04:00" name="teardownDriver" finished-at="2025-08-07T11:04:49 GMT-04:00" duration-ms="184" status="PASS">
          <reporter-output>
          </reporter-output>
        </test-method> <!-- teardownDriver -->
      </class> <!-- testCases.Queue -->
    </test> <!-- Test_All_Modules_chrome -->
    <test started-at="2025-08-07T11:04:23 GMT-04:00" name="Test_All_Modules_firefox" finished-at="2025-08-07T11:05:36 GMT-04:00" duration-ms="73310">
      <class name="testCases.Stack">
        <test-method is-config="true" signature="open_website(java.lang.String)[pri:0, instance:testCases.Stack@3044e9c7]" started-at="2025-08-07T11:04:23 GMT-04:00" name="open_website" finished-at="2025-08-07T11:04:30 GMT-04:00" duration-ms="6654" status="PASS">
          <params>
            <param index="0">
              <value>
                <![CDATA[firefox]]>
              </value>
            </param>
          </params>
          <reporter-output>
          </reporter-output>
        </test-method> <!-- open_website -->
        <test-method is-config="true" signature="stack_page()[pri:0, instance:testCases.Stack@3044e9c7]" started-at="2025-08-07T11:04:30 GMT-04:00" name="stack_page" finished-at="2025-08-07T11:04:30 GMT-04:00" duration-ms="2" status="PASS">
          <reporter-output>
          </reporter-output>
        </test-method> <!-- stack_page -->
        <test-method signature="open_stac_page()[pri:1, instance:testCases.Stack@3044e9c7]" started-at="2025-08-07T11:04:30 GMT-04:00" name="open_stac_page" finished-at="2025-08-07T11:04:30 GMT-04:00" duration-ms="527" status="PASS">
          <reporter-output>
          </reporter-output>
        </test-method> <!-- open_stac_page -->
        <test-method is-config="true" signature="teardownDriver()[pri:0, instance:testCases.Stack@3044e9c7]" started-at="2025-08-07T11:04:30 GMT-04:00" name="teardownDriver" finished-at="2025-08-07T11:04:31 GMT-04:00" duration-ms="1096" status="PASS">
          <reporter-output>
          </reporter-output>
        </test-method> <!-- teardownDriver -->
        <test-method is-config="true" signature="open_website(java.lang.String)[pri:0, instance:testCases.Stack@3044e9c7]" started-at="2025-08-07T11:04:39 GMT-04:00" name="open_website" finished-at="2025-08-07T11:04:46 GMT-04:00" duration-ms="6646" status="PASS">
          <params>
            <param index="0">
              <value>
                <![CDATA[firefox]]>
              </value>
            </param>
          </params>
          <reporter-output>
          </reporter-output>
        </test-method> <!-- open_website -->
        <test-method is-config="true" signature="stack_page()[pri:0, instance:testCases.Stack@3044e9c7]" started-at="2025-08-07T11:04:46 GMT-04:00" name="stack_page" finished-at="2025-08-07T11:04:46 GMT-04:00" duration-ms="1" status="PASS">
          <reporter-output>
          </reporter-output>
        </test-method> <!-- stack_page -->
        <test-method signature="stackOperations()[pri:2, instance:testCases.Stack@3044e9c7]" started-at="2025-08-07T11:04:46 GMT-04:00" name="stackOperations" finished-at="2025-08-07T11:04:46 GMT-04:00" duration-ms="740" status="PASS">
          <reporter-output>
          </reporter-output>
        </test-method> <!-- stackOperations -->
        <test-method is-config="true" signature="teardownDriver()[pri:0, instance:testCases.Stack@3044e9c7]" started-at="2025-08-07T11:04:46 GMT-04:00" name="teardownDriver" finished-at="2025-08-07T11:04:48 GMT-04:00" duration-ms="1321" status="PASS">
          <reporter-output>
          </reporter-output>
        </test-method> <!-- teardownDriver -->
        <test-method is-config="true" signature="open_website(java.lang.String)[pri:0, instance:testCases.Stack@3044e9c7]" started-at="2025-08-07T11:04:58 GMT-04:00" name="open_website" finished-at="2025-08-07T11:05:05 GMT-04:00" duration-ms="6974" status="PASS">
          <params>
            <param index="0">
              <value>
                <![CDATA[firefox]]>
              </value>
            </param>
          </params>
          <reporter-output>
          </reporter-output>
        </test-method> <!-- open_website -->
        <test-method signature="StackoperationsCodeEditor()[pri:3, instance:testCases.Stack@3044e9c7]" started-at="2025-08-07T11:05:05 GMT-04:00" name="StackoperationsCodeEditor" finished-at="2025-08-07T11:05:07 GMT-04:00" duration-ms="1778" status="PASS">
          <reporter-output>
          </reporter-output>
        </test-method> <!-- StackoperationsCodeEditor -->
        <test-method is-config="true" signature="stack_page()[pri:0, instance:testCases.Stack@3044e9c7]" started-at="2025-08-07T11:05:05 GMT-04:00" name="stack_page" finished-at="2025-08-07T11:05:05 GMT-04:00" duration-ms="0" status="PASS">
          <reporter-output>
          </reporter-output>
        </test-method> <!-- stack_page -->
        <test-method is-config="true" signature="teardownDriver()[pri:0, instance:testCases.Stack@3044e9c7]" started-at="2025-08-07T11:05:07 GMT-04:00" name="teardownDriver" finished-at="2025-08-07T11:05:09 GMT-04:00" duration-ms="2144" status="PASS">
          <reporter-output>
          </reporter-output>
        </test-method> <!-- teardownDriver -->
        <test-method is-config="true" signature="open_website(java.lang.String)[pri:0, instance:testCases.Stack@3044e9c7]" started-at="2025-08-07T11:05:15 GMT-04:00" name="open_website" finished-at="2025-08-07T11:05:19 GMT-04:00" duration-ms="3376" status="PASS">
          <params>
            <param index="0">
              <value>
                <![CDATA[firefox]]>
              </value>
            </param>
          </params>
          <reporter-output>
          </reporter-output>
        </test-method> <!-- open_website -->
        <test-method retried="true" signature="StackoperationsTryingEmptyEditor()[pri:4, instance:testCases.Stack@3044e9c7]" started-at="2025-08-07T11:05:19 GMT-04:00" name="StackoperationsTryingEmptyEditor" finished-at="2025-08-07T11:05:20 GMT-04:00" duration-ms="1041" status="SKIP">
          <exception class="java.lang.AssertionError">
            <message>
              <![CDATA[Failing this test case to show the bug which is, no alert message comes up when clicking on run button without entering anhy code in it]]>
            </message>
            <full-stacktrace>
              <![CDATA[java.lang.AssertionError: Failing this test case to show the bug which is, no alert message comes up when clicking on run button without entering anhy code in it
at org.testng.Assert.fail(Assert.java:110)
at testCases.Stack.StackoperationsTryingEmptyEditor(Stack.java:76)
at java.base/jdk.internal.reflect.DirectMethodHandleAccessor.invoke(DirectMethodHandleAccessor.java:103)
at java.base/java.lang.reflect.Method.invoke(Method.java:580)
at org.testng.internal.invokers.MethodInvocationHelper.invokeMethod(MethodInvocationHelper.java:139)
at org.testng.internal.invokers.TestInvoker.invokeMethod(TestInvoker.java:677)
at org.testng.internal.invokers.TestInvoker.invokeTestMethod(TestInvoker.java:221)
at org.testng.internal.invokers.MethodRunner.runInSequence(MethodRunner.java:50)
at org.testng.internal.invokers.TestInvoker$MethodInvocationAgent.invoke(TestInvoker.java:969)
at org.testng.internal.invokers.TestInvoker.invokeTestMethods(TestInvoker.java:194)
at org.testng.internal.invokers.TestMethodWorker.invokeTestMethods(TestMethodWorker.java:148)
at org.testng.internal.invokers.TestMethodWorker.run(TestMethodWorker.java:128)
at java.base/java.util.ArrayList.forEach(ArrayList.java:1596)
at org.testng.TestRunner.privateRun(TestRunner.java:829)
at org.testng.TestRunner.run(TestRunner.java:602)
at org.testng.SuiteRunner.runTest(SuiteRunner.java:437)
at org.testng.SuiteRunner$SuiteWorker.run(SuiteRunner.java:475)
at org.testng.internal.thread.ThreadUtil.lambda$execute$0(ThreadUtil.java:58)
at java.base/java.util.concurrent.FutureTask.run(FutureTask.java:317)
at java.base/java.util.concurrent.ThreadPoolExecutor.runWorker(ThreadPoolExecutor.java:1144)
at java.base/java.util.concurrent.ThreadPoolExecutor$Worker.run(ThreadPoolExecutor.java:642)
at java.base/java.lang.Thread.run(Thread.java:1583)
]]>
            </full-stacktrace>
          </exception> <!-- java.lang.AssertionError -->
          <reporter-output>
          </reporter-output>
        </test-method> <!-- StackoperationsTryingEmptyEditor -->
        <test-method is-config="true" signature="stack_page()[pri:0, instance:testCases.Stack@3044e9c7]" started-at="2025-08-07T11:05:19 GMT-04:00" name="stack_page" finished-at="2025-08-07T11:05:19 GMT-04:00" duration-ms="0" status="PASS">
          <reporter-output>
          </reporter-output>
        </test-method> <!-- stack_page -->
        <test-method is-config="true" signature="teardownDriver()[pri:0, instance:testCases.Stack@3044e9c7]" started-at="2025-08-07T11:05:20 GMT-04:00" name="teardownDriver" finished-at="2025-08-07T11:05:20 GMT-04:00" duration-ms="626" status="PASS">
          <reporter-output>
          </reporter-output>
        </test-method> <!-- teardownDriver -->
        <test-method is-config="true" signature="open_website(java.lang.String)[pri:0, instance:testCases.Stack@3044e9c7]" started-at="2025-08-07T11:05:20 GMT-04:00" name="open_website" finished-at="2025-08-07T11:05:24 GMT-04:00" duration-ms="3505" status="PASS">
          <params>
            <param index="0">
              <value>
                <![CDATA[firefox]]>
              </value>
            </param>
          </params>
          <reporter-output>
          </reporter-output>
        </test-method> <!-- open_website -->
        <test-method retried="true" signature="StackoperationsTryingEmptyEditor()[pri:4, instance:testCases.Stack@3044e9c7]" started-at="2025-08-07T11:05:24 GMT-04:00" name="StackoperationsTryingEmptyEditor" finished-at="2025-08-07T11:05:25 GMT-04:00" duration-ms="1059" status="SKIP">
          <exception class="java.lang.AssertionError">
            <message>
              <![CDATA[Failing this test case to show the bug which is, no alert message comes up when clicking on run button without entering anhy code in it]]>
            </message>
            <full-stacktrace>
              <![CDATA[java.lang.AssertionError: Failing this test case to show the bug which is, no alert message comes up when clicking on run button without entering anhy code in it
at org.testng.Assert.fail(Assert.java:110)
at testCases.Stack.StackoperationsTryingEmptyEditor(Stack.java:76)
at java.base/jdk.internal.reflect.DirectMethodHandleAccessor.invoke(DirectMethodHandleAccessor.java:103)
at java.base/java.lang.reflect.Method.invoke(Method.java:580)
at org.testng.internal.invokers.MethodInvocationHelper.invokeMethod(MethodInvocationHelper.java:139)
at org.testng.internal.invokers.TestInvoker.invokeMethod(TestInvoker.java:677)
at org.testng.internal.invokers.TestInvoker.retryFailed(TestInvoker.java:263)
at org.testng.internal.invokers.MethodRunner.runInSequence(MethodRunner.java:62)
at org.testng.internal.invokers.TestInvoker$MethodInvocationAgent.invoke(TestInvoker.java:969)
at org.testng.internal.invokers.TestInvoker.invokeTestMethods(TestInvoker.java:194)
at org.testng.internal.invokers.TestMethodWorker.invokeTestMethods(TestMethodWorker.java:148)
at org.testng.internal.invokers.TestMethodWorker.run(TestMethodWorker.java:128)
at java.base/java.util.ArrayList.forEach(ArrayList.java:1596)
at org.testng.TestRunner.privateRun(TestRunner.java:829)
at org.testng.TestRunner.run(TestRunner.java:602)
at org.testng.SuiteRunner.runTest(SuiteRunner.java:437)
at org.testng.SuiteRunner$SuiteWorker.run(SuiteRunner.java:475)
at org.testng.internal.thread.ThreadUtil.lambda$execute$0(ThreadUtil.java:58)
at java.base/java.util.concurrent.FutureTask.run(FutureTask.java:317)
at java.base/java.util.concurrent.ThreadPoolExecutor.runWorker(ThreadPoolExecutor.java:1144)
at java.base/java.util.concurrent.ThreadPoolExecutor$Worker.run(ThreadPoolExecutor.java:642)
at java.base/java.lang.Thread.run(Thread.java:1583)
]]>
            </full-stacktrace>
          </exception> <!-- java.lang.AssertionError -->
          <reporter-output>
          </reporter-output>
        </test-method> <!-- StackoperationsTryingEmptyEditor -->
        <test-method is-config="true" signature="stack_page()[pri:0, instance:testCases.Stack@3044e9c7]" started-at="2025-08-07T11:05:24 GMT-04:00" name="stack_page" finished-at="2025-08-07T11:05:24 GMT-04:00" duration-ms="0" status="PASS">
          <reporter-output>
          </reporter-output>
        </test-method> <!-- stack_page -->
        <test-method is-config="true" signature="teardownDriver()[pri:0, instance:testCases.Stack@3044e9c7]" started-at="2025-08-07T11:05:25 GMT-04:00" name="teardownDriver" finished-at="2025-08-07T11:05:25 GMT-04:00" duration-ms="626" status="PASS">
          <reporter-output>
          </reporter-output>
        </test-method> <!-- teardownDriver -->
        <test-method is-config="true" signature="open_website(java.lang.String)[pri:0, instance:testCases.Stack@3044e9c7]" started-at="2025-08-07T11:05:25 GMT-04:00" name="open_website" finished-at="2025-08-07T11:05:29 GMT-04:00" duration-ms="3972" status="PASS">
          <params>
            <param index="0">
              <value>
                <![CDATA[firefox]]>
              </value>
            </param>
          </params>
          <reporter-output>
          </reporter-output>
        </test-method> <!-- open_website -->
        <test-method is-config="true" signature="stack_page()[pri:0, instance:testCases.Stack@3044e9c7]" started-at="2025-08-07T11:05:29 GMT-04:00" name="stack_page" finished-at="2025-08-07T11:05:29 GMT-04:00" duration-ms="0" status="PASS">
          <reporter-output>
          </reporter-output>
        </test-method> <!-- stack_page -->
        <test-method retried="true" signature="StackoperationsTryingEmptyEditor()[pri:4, instance:testCases.Stack@3044e9c7]" started-at="2025-08-07T11:05:29 GMT-04:00" name="StackoperationsTryingEmptyEditor" finished-at="2025-08-07T11:05:30 GMT-04:00" duration-ms="1049" status="SKIP">
          <exception class="java.lang.AssertionError">
            <message>
              <![CDATA[Failing this test case to show the bug which is, no alert message comes up when clicking on run button without entering anhy code in it]]>
            </message>
            <full-stacktrace>
              <![CDATA[java.lang.AssertionError: Failing this test case to show the bug which is, no alert message comes up when clicking on run button without entering anhy code in it
at org.testng.Assert.fail(Assert.java:110)
at testCases.Stack.StackoperationsTryingEmptyEditor(Stack.java:76)
at java.base/jdk.internal.reflect.DirectMethodHandleAccessor.invoke(DirectMethodHandleAccessor.java:103)
at java.base/java.lang.reflect.Method.invoke(Method.java:580)
at org.testng.internal.invokers.MethodInvocationHelper.invokeMethod(MethodInvocationHelper.java:139)
at org.testng.internal.invokers.TestInvoker.invokeMethod(TestInvoker.java:677)
at org.testng.internal.invokers.TestInvoker.retryFailed(TestInvoker.java:263)
at org.testng.internal.invokers.MethodRunner.runInSequence(MethodRunner.java:62)
at org.testng.internal.invokers.TestInvoker$MethodInvocationAgent.invoke(TestInvoker.java:969)
at org.testng.internal.invokers.TestInvoker.invokeTestMethods(TestInvoker.java:194)
at org.testng.internal.invokers.TestMethodWorker.invokeTestMethods(TestMethodWorker.java:148)
at org.testng.internal.invokers.TestMethodWorker.run(TestMethodWorker.java:128)
at java.base/java.util.ArrayList.forEach(ArrayList.java:1596)
at org.testng.TestRunner.privateRun(TestRunner.java:829)
at org.testng.TestRunner.run(TestRunner.java:602)
at org.testng.SuiteRunner.runTest(SuiteRunner.java:437)
at org.testng.SuiteRunner$SuiteWorker.run(SuiteRunner.java:475)
at org.testng.internal.thread.ThreadUtil.lambda$execute$0(ThreadUtil.java:58)
at java.base/java.util.concurrent.FutureTask.run(FutureTask.java:317)
at java.base/java.util.concurrent.ThreadPoolExecutor.runWorker(ThreadPoolExecutor.java:1144)
at java.base/java.util.concurrent.ThreadPoolExecutor$Worker.run(ThreadPoolExecutor.java:642)
at java.base/java.lang.Thread.run(Thread.java:1583)
]]>
            </full-stacktrace>
          </exception> <!-- java.lang.AssertionError -->
          <reporter-output>
          </reporter-output>
        </test-method> <!-- StackoperationsTryingEmptyEditor -->
        <test-method is-config="true" signature="teardownDriver()[pri:0, instance:testCases.Stack@3044e9c7]" started-at="2025-08-07T11:05:30 GMT-04:00" name="teardownDriver" finished-at="2025-08-07T11:05:31 GMT-04:00" duration-ms="617" status="PASS">
          <reporter-output>
          </reporter-output>
        </test-method> <!-- teardownDriver -->
        <test-method is-config="true" signature="open_website(java.lang.String)[pri:0, instance:testCases.Stack@3044e9c7]" started-at="2025-08-07T11:05:31 GMT-04:00" name="open_website" finished-at="2025-08-07T11:05:35 GMT-04:00" duration-ms="3542" status="PASS">
          <params>
            <param index="0">
              <value>
                <![CDATA[firefox]]>
              </value>
            </param>
          </params>
          <reporter-output>
          </reporter-output>
        </test-method> <!-- open_website -->
        <test-method is-config="true" signature="stack_page()[pri:0, instance:testCases.Stack@3044e9c7]" started-at="2025-08-07T11:05:35 GMT-04:00" name="stack_page" finished-at="2025-08-07T11:05:35 GMT-04:00" duration-ms="4" status="PASS">
          <reporter-output>
          </reporter-output>
        </test-method> <!-- stack_page -->
        <test-method signature="StackoperationsTryingEmptyEditor()[pri:4, instance:testCases.Stack@3044e9c7]" started-at="2025-08-07T11:05:35 GMT-04:00" name="StackoperationsTryingEmptyEditor" finished-at="2025-08-07T11:05:36 GMT-04:00" duration-ms="1025" status="FAIL">
          <exception class="java.lang.AssertionError">
            <message>
              <![CDATA[Failing this test case to show the bug which is, no alert message comes up when clicking on run button without entering anhy code in it]]>
            </message>
            <full-stacktrace>
              <![CDATA[java.lang.AssertionError: Failing this test case to show the bug which is, no alert message comes up when clicking on run button without entering anhy code in it
at org.testng.Assert.fail(Assert.java:110)
at testCases.Stack.StackoperationsTryingEmptyEditor(Stack.java:76)
at java.base/jdk.internal.reflect.DirectMethodHandleAccessor.invoke(DirectMethodHandleAccessor.java:103)
at java.base/java.lang.reflect.Method.invoke(Method.java:580)
at org.testng.internal.invokers.MethodInvocationHelper.invokeMethod(MethodInvocationHelper.java:139)
at org.testng.internal.invokers.TestInvoker.invokeMethod(TestInvoker.java:677)
at org.testng.internal.invokers.TestInvoker.retryFailed(TestInvoker.java:263)
at org.testng.internal.invokers.MethodRunner.runInSequence(MethodRunner.java:62)
at org.testng.internal.invokers.TestInvoker$MethodInvocationAgent.invoke(TestInvoker.java:969)
at org.testng.internal.invokers.TestInvoker.invokeTestMethods(TestInvoker.java:194)
at org.testng.internal.invokers.TestMethodWorker.invokeTestMethods(TestMethodWorker.java:148)
at org.testng.internal.invokers.TestMethodWorker.run(TestMethodWorker.java:128)
at java.base/java.util.ArrayList.forEach(ArrayList.java:1596)
at org.testng.TestRunner.privateRun(TestRunner.java:829)
at org.testng.TestRunner.run(TestRunner.java:602)
at org.testng.SuiteRunner.runTest(SuiteRunner.java:437)
at org.testng.SuiteRunner$SuiteWorker.run(SuiteRunner.java:475)
at org.testng.internal.thread.ThreadUtil.lambda$execute$0(ThreadUtil.java:58)
at java.base/java.util.concurrent.FutureTask.run(FutureTask.java:317)
at java.base/java.util.concurrent.ThreadPoolExecutor.runWorker(ThreadPoolExecutor.java:1144)
at java.base/java.util.concurrent.ThreadPoolExecutor$Worker.run(ThreadPoolExecutor.java:642)
at java.base/java.lang.Thread.run(Thread.java:1583)
]]>
            </full-stacktrace>
          </exception> <!-- java.lang.AssertionError -->
          <reporter-output>
          </reporter-output>
        </test-method> <!-- StackoperationsTryingEmptyEditor -->
        <test-method is-config="true" signature="teardownDriver()[pri:0, instance:testCases.Stack@3044e9c7]" started-at="2025-08-07T11:05:36 GMT-04:00" name="teardownDriver" finished-at="2025-08-07T11:05:36 GMT-04:00" duration-ms="621" status="PASS">
          <reporter-output>
          </reporter-output>
        </test-method> <!-- teardownDriver -->
      </class> <!-- testCases.Stack -->
      <class name="testCases.Queue">
        <test-method is-config="true" signature="open_website(java.lang.String)[pri:0, instance:testCases.Queue@41d7b27f]" started-at="2025-08-07T11:04:31 GMT-04:00" name="open_website" finished-at="2025-08-07T11:04:37 GMT-04:00" duration-ms="6079" status="PASS">
          <params>
            <param index="0">
              <value>
                <![CDATA[firefox]]>
              </value>
            </param>
          </params>
          <reporter-output>
          </reporter-output>
        </test-method> <!-- open_website -->
        <test-method is-config="true" signature="queue_page()[pri:0, instance:testCases.Queue@41d7b27f]" started-at="2025-08-07T11:04:37 GMT-04:00" name="queue_page" finished-at="2025-08-07T11:04:37 GMT-04:00" duration-ms="4" status="PASS">
          <reporter-output>
          </reporter-output>
        </test-method> <!-- queue_page -->
        <test-method signature="open_queue_page()[pri:1, instance:testCases.Queue@41d7b27f]" started-at="2025-08-07T11:04:37 GMT-04:00" name="open_queue_page" finished-at="2025-08-07T11:04:38 GMT-04:00" duration-ms="654" status="PASS">
          <reporter-output>
          </reporter-output>
        </test-method> <!-- open_queue_page -->
        <test-method is-config="true" signature="teardownDriver()[pri:0, instance:testCases.Queue@41d7b27f]" started-at="2025-08-07T11:04:38 GMT-04:00" name="teardownDriver" finished-at="2025-08-07T11:04:39 GMT-04:00" duration-ms="1015" status="PASS">
          <reporter-output>
          </reporter-output>
        </test-method> <!-- teardownDriver -->
        <test-method is-config="true" signature="open_website(java.lang.String)[pri:0, instance:testCases.Queue@41d7b27f]" started-at="2025-08-07T11:04:48 GMT-04:00" name="open_website" finished-at="2025-08-07T11:04:55 GMT-04:00" duration-ms="7510" status="PASS">
          <params>
            <param index="0">
              <value>
                <![CDATA[firefox]]>
              </value>
            </param>
          </params>
          <reporter-output>
          </reporter-output>
        </test-method> <!-- open_website -->
        <test-method is-config="true" signature="queue_page()[pri:0, instance:testCases.Queue@41d7b27f]" started-at="2025-08-07T11:04:55 GMT-04:00" name="queue_page" finished-at="2025-08-07T11:04:55 GMT-04:00" duration-ms="2" status="PASS">
          <reporter-output>
          </reporter-output>
        </test-method> <!-- queue_page -->
        <test-method signature="queueImplementation()[pri:2, instance:testCases.Queue@41d7b27f]" started-at="2025-08-07T11:04:55 GMT-04:00" name="queueImplementation" finished-at="2025-08-07T11:04:57 GMT-04:00" duration-ms="1249" status="PASS">
          <reporter-output>
          </reporter-output>
        </test-method> <!-- queueImplementation -->
        <test-method is-config="true" signature="teardownDriver()[pri:0, instance:testCases.Queue@41d7b27f]" started-at="2025-08-07T11:04:57 GMT-04:00" name="teardownDriver" finished-at="2025-08-07T11:04:58 GMT-04:00" duration-ms="1556" status="PASS">
          <reporter-output>
          </reporter-output>
        </test-method> <!-- teardownDriver -->
        <test-method is-config="true" signature="open_website(java.lang.String)[pri:0, instance:testCases.Queue@41d7b27f]" started-at="2025-08-07T11:05:09 GMT-04:00" name="open_website" finished-at="2025-08-07T11:05:14 GMT-04:00" duration-ms="4602" status="PASS">
          <params>
            <param index="0">
              <value>
                <![CDATA[firefox]]>
              </value>
            </param>
          </params>
          <reporter-output>
          </reporter-output>
        </test-method> <!-- open_website -->
        <test-method is-config="true" signature="queue_page()[pri:0, instance:testCases.Queue@41d7b27f]" started-at="2025-08-07T11:05:14 GMT-04:00" name="queue_page" finished-at="2025-08-07T11:05:14 GMT-04:00" duration-ms="0" status="PASS">
          <reporter-output>
          </reporter-output>
        </test-method> <!-- queue_page -->
        <test-method signature="queueImplementationCodeEditor()[pri:3, instance:testCases.Queue@41d7b27f]" started-at="2025-08-07T11:05:14 GMT-04:00" name="queueImplementationCodeEditor" finished-at="2025-08-07T11:05:14 GMT-04:00" duration-ms="831" status="PASS">
          <reporter-output>
          </reporter-output>
        </test-method> <!-- queueImplementationCodeEditor -->
        <test-method is-config="true" signature="teardownDriver()[pri:0, instance:testCases.Queue@41d7b27f]" started-at="2025-08-07T11:05:14 GMT-04:00" name="teardownDriver" finished-at="2025-08-07T11:05:15 GMT-04:00" duration-ms="720" status="PASS">
          <reporter-output>
          </reporter-output>
        </test-method> <!-- teardownDriver -->
      </class> <!-- testCases.Queue -->
    </test> <!-- Test_All_Modules_firefox -->
  </suite> <!-- Suite_dsAlgo -->
</testng-results>
