<?xml version="1.0" encoding="UTF-8"?>
<testng-results ignored="8" total="16" passed="8" failed="0" skipped="0">
  <reporter-output>
  </reporter-output>
  <suite started-at="2025-06-11T22:57:37 CDT" name="Testsuite1" finished-at="2025-06-11T22:57:37 CDT" duration-ms="48">
    <groups>
    </groups>
    <test started-at="2025-06-11T22:57:37 CDT" name="sanity" finished-at="2025-06-11T22:57:37 CDT" duration-ms="48">
      <class name="testsuite.Module2">
        <test-method signature="login(java.lang.String,java.lang.String)[pri:0, instance:testsuite.Module2@4218d6a3]" started-at="2025-06-11T22:57:37 CDT" name="login" data-provider="data001" finished-at="2025-06-11T22:57:37 CDT" duration-ms="4" status="PASS">
          <params>
            <param index="0">
              <value>
                <![CDATA[sowmya]]>
              </value>
            </param>
            <param index="1">
              <value>
                <![CDATA[pwsd001]]>
              </value>
            </param>
          </params>
          <reporter-output>
          </reporter-output>
        </test-method> <!-- login -->
        <test-method signature="login(java.lang.String,java.lang.String)[pri:0, instance:testsuite.Module2@4218d6a3]" started-at="2025-06-11T22:57:37 CDT" name="login" data-provider="data001" finished-at="2025-06-11T22:57:37 CDT" duration-ms="1" status="PASS">
          <params>
            <param index="0">
              <value>
                <![CDATA[katta]]>
              </value>
            </param>
            <param index="1">
              <value>
                <![CDATA[pwsd002]]>
              </value>
            </param>
          </params>
          <reporter-output>
          </reporter-output>
        </test-method> <!-- login -->
        <test-method signature="test005()[pri:0, instance:testsuite.Module2@4218d6a3]" started-at="2025-06-11T22:57:37 CDT" name="test005" finished-at="2025-06-11T22:57:37 CDT" duration-ms="1" status="PASS">
          <reporter-output>
          </reporter-output>
        </test-method> <!-- test005 -->
        <test-method signature="test006()[pri:0, instance:testsuite.Module2@4218d6a3]" started-at="2025-06-11T22:57:37 CDT" name="test006" finished-at="2025-06-11T22:57:37 CDT" duration-ms="1" status="PASS">
          <reporter-output>
          </reporter-output>
        </test-method> <!-- test006 -->
      </class> <!-- testsuite.Module2 -->
    </test> <!-- sanity -->
  </suite> <!-- Testsuite1 -->
  <suite started-at="2025-06-11T22:57:37 CDT" name="Testsuite1 (0)" finished-at="2025-06-11T22:57:37 CDT" duration-ms="4">
    <groups>
    </groups>
    <test started-at="2025-06-11T22:57:37 CDT" name="sanity" finished-at="2025-06-11T22:57:37 CDT" duration-ms="4">
      <class name="testsuite.Module2">
        <test-method signature="login(java.lang.String,java.lang.String)[pri:0, instance:testsuite.Module2@2f4948e4]" started-at="2025-06-11T22:57:37 CDT" name="login" data-provider="data001" finished-at="2025-06-11T22:57:37 CDT" duration-ms="1" status="PASS">
          <params>
            <param index="0">
              <value>
                <![CDATA[sowmya]]>
              </value>
            </param>
            <param index="1">
              <value>
                <![CDATA[pwsd001]]>
              </value>
            </param>
          </params>
          <reporter-output>
          </reporter-output>
        </test-method> <!-- login -->
        <test-method signature="login(java.lang.String,java.lang.String)[pri:0, instance:testsuite.Module2@2f4948e4]" started-at="2025-06-11T22:57:37 CDT" name="login" data-provider="data001" finished-at="2025-06-11T22:57:37 CDT" duration-ms="0" status="PASS">
          <params>
            <param index="0">
              <value>
                <![CDATA[katta]]>
              </value>
            </param>
            <param index="1">
              <value>
                <![CDATA[pwsd002]]>
              </value>
            </param>
          </params>
          <reporter-output>
          </reporter-output>
        </test-method> <!-- login -->
        <test-method signature="test005()[pri:0, instance:testsuite.Module2@2f4948e4]" started-at="2025-06-11T22:57:37 CDT" name="test005" finished-at="2025-06-11T22:57:37 CDT" duration-ms="0" status="PASS">
          <reporter-output>
          </reporter-output>
        </test-method> <!-- test005 -->
        <test-method signature="test006()[pri:0, instance:testsuite.Module2@2f4948e4]" started-at="2025-06-11T22:57:37 CDT" name="test006" finished-at="2025-06-11T22:57:37 CDT" duration-ms="0" status="PASS">
          <reporter-output>
          </reporter-output>
        </test-method> <!-- test006 -->
      </class> <!-- testsuite.Module2 -->
    </test> <!-- sanity -->
  </suite> <!-- Testsuite1 (0) -->
</testng-results>
