<?xml version="1.0" encoding="UTF-8"?>
<testng-results ignored="0" total="2" passed="2" failed="0" skipped="0">
  <reporter-output>
  </reporter-output>
  <suite started-at="2025-08-03T17:21:12 CDT" name="Default suite" finished-at="2025-08-03T17:21:19 CDT" duration-ms="6184">
    <groups>
    </groups>
    <test started-at="2025-08-03T17:21:12 CDT" name="Default test" finished-at="2025-08-03T17:21:19 CDT" duration-ms="6184">
      <class name="testMethodsPackage.LaunchTest">
        <test-method is-config="true" signature="browser()[pri:0, instance:testMethodsPackage.LaunchTest@2667f029]" started-at="2025-08-03T17:21:13 CDT" name="browser" finished-at="2025-08-03T17:21:16 CDT" duration-ms="3171" status="PASS">
          <reporter-output>
          </reporter-output>
        </test-method> <!-- browser -->
        <test-method signature="checkmsg()[pri:0, instance:testMethodsPackage.LaunchTest@2667f029]" started-at="2025-08-03T17:21:16 CDT" name="checkmsg" finished-at="2025-08-03T17:21:16 CDT" duration-ms="63" status="PASS">
          <reporter-output>
          </reporter-output>
        </test-method> <!-- checkmsg -->
        <test-method is-config="true" signature="quitbrowser()[pri:0, instance:testMethodsPackage.LaunchTest@2667f029]" started-at="2025-08-03T17:21:16 CDT" name="quitbrowser" finished-at="2025-08-03T17:21:16 CDT" duration-ms="187" status="PASS">
          <reporter-output>
          </reporter-output>
        </test-method> <!-- quitbrowser -->
        <test-method is-config="true" signature="browser()[pri:0, instance:testMethodsPackage.LaunchTest@2667f029]" started-at="2025-08-03T17:21:16 CDT" name="browser" finished-at="2025-08-03T17:21:18 CDT" duration-ms="1647" status="PASS">
          <reporter-output>
          </reporter-output>
        </test-method> <!-- browser -->
        <test-method signature="clickgetstarted()[pri:0, instance:testMethodsPackage.LaunchTest@2667f029]" started-at="2025-08-03T17:21:18 CDT" name="clickgetstarted" finished-at="2025-08-03T17:21:18 CDT" duration-ms="904" status="PASS">
          <reporter-output>
          </reporter-output>
        </test-method> <!-- clickgetstarted -->
        <test-method is-config="true" signature="quitbrowser()[pri:0, instance:testMethodsPackage.LaunchTest@2667f029]" started-at="2025-08-03T17:21:18 CDT" name="quitbrowser" finished-at="2025-08-03T17:21:19 CDT" duration-ms="160" status="PASS">
          <reporter-output>
          </reporter-output>
        </test-method> <!-- quitbrowser -->
      </class> <!-- testMethodsPackage.LaunchTest -->
    </test> <!-- Default test -->
  </suite> <!-- Default suite -->
</testng-results>
